{"/home/travis/build/npmtest/node-npmtest-schemapack/test.js":{"path":"/home/travis/build/npmtest/node-npmtest-schemapack/test.js","s":{"1":2,"2":2,"3":2,"4":2,"5":2,"6":2,"7":2,"8":1,"9":2,"10":2,"11":1,"12":1,"13":1,"14":1,"15":2,"16":2,"17":2,"18":2,"19":1,"20":1,"21":2,"22":2,"23":2,"24":1,"25":1,"26":1,"27":1,"28":1,"29":1,"30":1,"31":1,"32":1,"33":1,"34":1,"35":1,"36":1,"37":1,"38":1,"39":2,"40":2,"41":1,"42":2,"43":2,"44":1,"45":2,"46":2,"47":1,"48":2,"49":2,"50":1,"51":1,"52":1,"53":1,"54":1},"b":{"1":[2,1,1,1],"2":[1,1,1,1],"3":[1,1],"4":[1,1],"5":[1,1],"6":[1,1],"7":[1,1],"8":[1,1],"9":[1,1],"10":[1,1,1],"11":[1,1],"12":[1,1],"13":[1,1],"14":[1,1],"15":[1,1],"16":[1,1],"17":[1,1]},"f":{"1":2,"2":2,"3":2,"4":2,"5":2,"6":1,"7":1,"8":1,"9":2,"10":2,"11":2,"12":2,"13":1},"fnMap":{"1":{"name":"(anonymous_1)","line":12,"loc":{"start":{"line":12,"column":1},"end":{"line":12,"column":13}}},"2":{"name":"(anonymous_2)","line":19,"loc":{"start":{"line":19,"column":5},"end":{"line":19,"column":17}}},"3":{"name":"(anonymous_3)","line":23,"loc":{"start":{"line":23,"column":24},"end":{"line":23,"column":36}}},"4":{"name":"(anonymous_4)","line":61,"loc":{"start":{"line":61,"column":5},"end":{"line":61,"column":17}}},"5":{"name":"(anonymous_5)","line":82,"loc":{"start":{"line":82,"column":5},"end":{"line":82,"column":17}}},"6":{"name":"(anonymous_6)","line":91,"loc":{"start":{"line":91,"column":77},"end":{"line":94,"column":10}}},"7":{"name":"(anonymous_7)","line":112,"loc":{"start":{"line":112,"column":83},"end":{"line":115,"column":10}},"skip":true},"8":{"name":"(anonymous_8)","line":123,"loc":{"start":{"line":123,"column":77},"end":{"line":126,"column":10}},"skip":true},"9":{"name":"(anonymous_9)","line":139,"loc":{"start":{"line":139,"column":12},"end":{"line":139,"column":40}},"skip":true},"10":{"name":"(anonymous_10)","line":147,"loc":{"start":{"line":147,"column":77},"end":{"line":150,"column":10}},"skip":true},"11":{"name":"(anonymous_11)","line":158,"loc":{"start":{"line":158,"column":83},"end":{"line":161,"column":10}},"skip":true},"12":{"name":"(anonymous_12)","line":169,"loc":{"start":{"line":169,"column":79},"end":{"line":172,"column":10}},"skip":true},"13":{"name":"(anonymous_13)","line":180,"loc":{"start":{"line":180,"column":75},"end":{"line":183,"column":10}},"skip":true}},"statementMap":{"1":{"start":{"line":12,"column":0},"end":{"line":195,"column":5}},"2":{"start":{"line":14,"column":4},"end":{"line":14,"column":14}},"3":{"start":{"line":19,"column":4},"end":{"line":56,"column":9}},"4":{"start":{"line":21,"column":8},"end":{"line":21,"column":19}},"5":{"start":{"line":23,"column":8},"end":{"line":35,"column":13}},"6":{"start":{"line":24,"column":12},"end":{"line":34,"column":13}},"7":{"start":{"line":25,"column":16},"end":{"line":28,"column":30}},"8":{"start":{"line":30,"column":16},"end":{"line":33,"column":27}},"9":{"start":{"line":37,"column":8},"end":{"line":39,"column":21}},"10":{"start":{"line":40,"column":8},"end":{"line":53,"column":9}},"11":{"start":{"line":43,"column":12},"end":{"line":46,"column":14}},"12":{"start":{"line":47,"column":12},"end":{"line":47,"column":18}},"13":{"start":{"line":50,"column":12},"end":{"line":51,"column":46}},"14":{"start":{"line":52,"column":12},"end":{"line":52,"column":18}},"15":{"start":{"line":55,"column":8},"end":{"line":55,"column":35}},"16":{"start":{"line":61,"column":4},"end":{"line":63,"column":9}},"17":{"start":{"line":62,"column":8},"end":{"line":62,"column":15}},"18":{"start":{"line":64,"column":4},"end":{"line":77,"column":5}},"19":{"start":{"line":70,"column":8},"end":{"line":70,"column":14}},"20":{"start":{"line":76,"column":8},"end":{"line":76,"column":14}},"21":{"start":{"line":82,"column":4},"end":{"line":84,"column":9}},"22":{"start":{"line":83,"column":8},"end":{"line":83,"column":15}},"23":{"start":{"line":85,"column":4},"end":{"line":194,"column":5}},"24":{"start":{"line":91,"column":8},"end":{"line":99,"column":10}},"25":{"start":{"line":98,"column":12},"end":{"line":98,"column":35}},"26":{"start":{"line":102,"column":8},"end":{"line":104,"column":63}},"27":{"start":{"line":105,"column":8},"end":{"line":105,"column":14}},"28":{"start":{"line":112,"column":8},"end":{"line":121,"column":10},"skip":true},"29":{"start":{"line":119,"column":12},"end":{"line":119,"column":55},"skip":true},"30":{"start":{"line":120,"column":12},"end":{"line":120,"column":48},"skip":true},"31":{"start":{"line":123,"column":8},"end":{"line":136,"column":10},"skip":true},"32":{"start":{"line":130,"column":12},"end":{"line":130,"column":76},"skip":true},"33":{"start":{"line":131,"column":12},"end":{"line":131,"column":73},"skip":true},"34":{"start":{"line":132,"column":12},"end":{"line":132,"column":74},"skip":true},"35":{"start":{"line":133,"column":12},"end":{"line":133,"column":79},"skip":true},"36":{"start":{"line":134,"column":12},"end":{"line":134,"column":25},"skip":true},"37":{"start":{"line":135,"column":12},"end":{"line":135,"column":45},"skip":true},"38":{"start":{"line":138,"column":8},"end":{"line":145,"column":14},"skip":true},"39":{"start":{"line":143,"column":16},"end":{"line":143,"column":29},"skip":true},"40":{"start":{"line":144,"column":16},"end":{"line":144,"column":55},"skip":true},"41":{"start":{"line":147,"column":8},"end":{"line":156,"column":10},"skip":true},"42":{"start":{"line":154,"column":12},"end":{"line":154,"column":25},"skip":true},"43":{"start":{"line":155,"column":12},"end":{"line":155,"column":45},"skip":true},"44":{"start":{"line":158,"column":8},"end":{"line":167,"column":10},"skip":true},"45":{"start":{"line":165,"column":12},"end":{"line":165,"column":25},"skip":true},"46":{"start":{"line":166,"column":12},"end":{"line":166,"column":48},"skip":true},"47":{"start":{"line":169,"column":8},"end":{"line":178,"column":10},"skip":true},"48":{"start":{"line":176,"column":12},"end":{"line":176,"column":25},"skip":true},"49":{"start":{"line":177,"column":12},"end":{"line":177,"column":46},"skip":true},"50":{"start":{"line":180,"column":8},"end":{"line":189,"column":10},"skip":true},"51":{"start":{"line":187,"column":12},"end":{"line":187,"column":94},"skip":true},"52":{"start":{"line":188,"column":12},"end":{"line":188,"column":48},"skip":true},"53":{"start":{"line":192,"column":8},"end":{"line":192,"column":35},"skip":true},"54":{"start":{"line":193,"column":8},"end":{"line":193,"column":14},"skip":true}},"branchMap":{"1":{"line":25,"type":"binary-expr","locations":[{"start":{"line":25,"column":23},"end":{"line":25,"column":62}},{"start":{"line":26,"column":20},"end":{"line":26,"column":70}},{"start":{"line":27,"column":20},"end":{"line":27,"column":71}},{"start":{"line":28,"column":20},"end":{"line":28,"column":29}}]},"2":{"line":30,"type":"binary-expr","locations":[{"start":{"line":30,"column":23},"end":{"line":30,"column":37}},{"start":{"line":31,"column":20},"end":{"line":31,"column":61}},{"start":{"line":32,"column":20},"end":{"line":32,"column":70}},{"start":{"line":33,"column":20},"end":{"line":33,"column":26}}]},"3":{"line":37,"type":"cond-expr","locations":[{"start":{"line":38,"column":14},"end":{"line":38,"column":20}},{"start":{"line":39,"column":14},"end":{"line":39,"column":20}}]},"4":{"line":40,"type":"switch","locations":[{"start":{"line":42,"column":8},"end":{"line":47,"column":18}},{"start":{"line":49,"column":8},"end":{"line":52,"column":18}}]},"5":{"line":44,"type":"binary-expr","locations":[{"start":{"line":44,"column":16},"end":{"line":44,"column":44}},{"start":{"line":44,"column":48},"end":{"line":44,"column":66}}]},"6":{"line":50,"type":"binary-expr","locations":[{"start":{"line":50,"column":21},"end":{"line":50,"column":49}},{"start":{"line":50,"column":53},"end":{"line":50,"column":72}}]},"7":{"line":64,"type":"switch","locations":[{"start":{"line":69,"column":4},"end":{"line":70,"column":14}},{"start":{"line":75,"column":4},"end":{"line":76,"column":14}}]},"8":{"line":85,"type":"switch","locations":[{"start":{"line":90,"column":4},"end":{"line":105,"column":14}},{"start":{"line":111,"column":4},"end":{"line":193,"column":14},"skip":true}]},"9":{"line":91,"type":"binary-expr","locations":[{"start":{"line":91,"column":42},"end":{"line":91,"column":73}},{"start":{"line":91,"column":77},"end":{"line":99,"column":9}}]},"10":{"line":102,"type":"binary-expr","locations":[{"start":{"line":102,"column":18},"end":{"line":102,"column":32}},{"start":{"line":103,"column":12},"end":{"line":103,"column":53}},{"start":{"line":104,"column":12},"end":{"line":104,"column":61}}]},"11":{"line":112,"type":"binary-expr","locations":[{"start":{"line":112,"column":45},"end":{"line":112,"column":79},"skip":true},{"start":{"line":112,"column":83},"end":{"line":121,"column":9},"skip":true}]},"12":{"line":123,"type":"binary-expr","locations":[{"start":{"line":123,"column":42},"end":{"line":123,"column":73},"skip":true},{"start":{"line":123,"column":77},"end":{"line":136,"column":9},"skip":true}]},"13":{"line":138,"type":"binary-expr","locations":[{"start":{"line":138,"column":48},"end":{"line":138,"column":85},"skip":true},{"start":{"line":139,"column":12},"end":{"line":145,"column":13},"skip":true}]},"14":{"line":147,"type":"binary-expr","locations":[{"start":{"line":147,"column":42},"end":{"line":147,"column":73},"skip":true},{"start":{"line":147,"column":77},"end":{"line":156,"column":9},"skip":true}]},"15":{"line":158,"type":"binary-expr","locations":[{"start":{"line":158,"column":45},"end":{"line":158,"column":79},"skip":true},{"start":{"line":158,"column":83},"end":{"line":167,"column":9},"skip":true}]},"16":{"line":169,"type":"binary-expr","locations":[{"start":{"line":169,"column":43},"end":{"line":169,"column":75},"skip":true},{"start":{"line":169,"column":79},"end":{"line":178,"column":9},"skip":true}]},"17":{"line":180,"type":"binary-expr","locations":[{"start":{"line":180,"column":41},"end":{"line":180,"column":71},"skip":true},{"start":{"line":180,"column":75},"end":{"line":189,"column":9},"skip":true}]}},"code":["/* istanbul instrument in package npmtest_schemapack */","/*jslint","    bitwise: true,","    browser: true,","    maxerr: 8,","    maxlen: 96,","    node: true,","    nomen: true,","    regexp: true,","    stupid: true","*/","(function () {","    'use strict';","    var local;","","","","    // run shared js-env code - pre-init","    (function () {","        // init local","        local = {};","        // init modeJs","        local.modeJs = (function () {","            try {","                return typeof navigator.userAgent === 'string' &&","                    typeof document.querySelector('body') === 'object' &&","                    typeof XMLHttpRequest.prototype.open === 'function' &&","                    'browser';","            } catch (errorCaughtBrowser) {","                return module.exports &&","                    typeof process.versions.node === 'string' &&","                    typeof require('http').createServer === 'function' &&","                    'node';","            }","        }());","        // init global","        local.global = local.modeJs === 'browser'","            ? window","            : global;","        switch (local.modeJs) {","        // re-init local from window.local","        case 'browser':","            local = local.global.utility2.objectSetDefault(","                local.global.utility2_rollup || local.global.local,","                local.global.utility2","            );","            break;","        // re-init local from example.js","        case 'node':","            local = (local.global.utility2_rollup || require('utility2'))","                .requireExampleJsFromReadme();","            break;","        }","        // export local","        local.global.local = local;","    }());","","","","    // run shared js-env code - function","    (function () {","        return;","    }());","    switch (local.modeJs) {","","","","    // run browser js-env code - function","    case 'browser':","        break;","","","","    // run node js-env code - function","    case 'node':","        break;","    }","","","","    // run shared js-env code - post-init","    (function () {","        return;","    }());","    switch (local.modeJs) {","","","","    // run browser js-env code - post-init","    case 'browser':","        local.testCase_browser_nullCase = local.testCase_browser_nullCase || function (","            options,","            onError","        ) {","        /*","         * this function will test browsers's null-case handling-behavior-behavior","         */","            onError(null, options);","        };","","        // run tests","        local.nop(local.modeTest &&","            document.querySelector('#testRunButton1') &&","            document.querySelector('#testRunButton1').click());","        break;","","","","    // run node js-env code - post-init","    /* istanbul ignore next */","    case 'node':","        local.testCase_buildApidoc_default = local.testCase_buildApidoc_default || function (","            options,","            onError","        ) {","        /*","         * this function will test buildApidoc's default handling-behavior-behavior","         */","            options = { modulePathList: module.paths };","            local.buildApidoc(options, onError);","        };","","        local.testCase_buildApp_default = local.testCase_buildApp_default || function (","            options,","            onError","        ) {","        /*","         * this function will test buildApp's default handling-behavior-behavior","         */","            local.testCase_buildReadme_default(options, local.onErrorThrow);","            local.testCase_buildLib_default(options, local.onErrorThrow);","            local.testCase_buildTest_default(options, local.onErrorThrow);","            local.testCase_buildCustomOrg_default(options, local.onErrorThrow);","            options = [];","            local.buildApp(options, onError);","        };","","        local.testCase_buildCustomOrg_default = local.testCase_buildCustomOrg_default ||","            function (options, onError) {","            /*","             * this function will test buildCustomOrg's default handling-behavior","             */","                options = {};","                local.buildCustomOrg(options, onError);","            };","","        local.testCase_buildLib_default = local.testCase_buildLib_default || function (","            options,","            onError","        ) {","        /*","         * this function will test buildLib's default handling-behavior","         */","            options = {};","            local.buildLib(options, onError);","        };","","        local.testCase_buildReadme_default = local.testCase_buildReadme_default || function (","            options,","            onError","        ) {","        /*","         * this function will test buildReadme's default handling-behavior-behavior","         */","            options = {};","            local.buildReadme(options, onError);","        };","","        local.testCase_buildTest_default = local.testCase_buildTest_default || function (","            options,","            onError","        ) {","        /*","         * this function will test buildTest's default handling-behavior","         */","            options = {};","            local.buildTest(options, onError);","        };","","        local.testCase_webpage_default = local.testCase_webpage_default || function (","            options,","            onError","        ) {","        /*","         * this function will test webpage's default handling-behavior","         */","            options = { modeCoverageMerge: true, url: local.serverLocalHost + '?modeTest=1' };","            local.browserTest(options, onError);","        };","","        // run test-server","        local.testRunServer(local);","        break;","    }","}());",""],"l":{"12":2,"14":2,"19":2,"21":2,"23":2,"24":2,"25":2,"30":1,"37":2,"40":2,"43":1,"47":1,"50":1,"52":1,"55":2,"61":2,"62":2,"64":2,"70":1,"76":1,"82":2,"83":2,"85":2,"91":1,"98":1,"102":1,"105":1,"112":1,"119":1,"120":1,"123":1,"130":1,"131":1,"132":1,"133":1,"134":1,"135":1,"138":1,"143":2,"144":2,"147":1,"154":2,"155":2,"158":1,"165":2,"166":2,"169":1,"176":2,"177":2,"180":1,"187":1,"188":1,"192":1,"193":1}},"/home/travis/build/npmtest/node-npmtest-schemapack/lib.npmtest_schemapack.js":{"path":"/home/travis/build/npmtest/node-npmtest-schemapack/lib.npmtest_schemapack.js","s":{"1":2,"2":2,"3":2,"4":2,"5":2,"6":2,"7":2,"8":1,"9":2,"10":2,"11":2,"12":2,"13":1,"14":1,"15":1,"16":1},"b":{"1":[2,1,1,1],"2":[1,1,1,1],"3":[1,1],"4":[2,2],"5":[1,1]},"f":{"1":2,"2":2,"3":2},"fnMap":{"1":{"name":"(anonymous_1)","line":12,"loc":{"start":{"line":12,"column":1},"end":{"line":12,"column":13}}},"2":{"name":"(anonymous_2)","line":19,"loc":{"start":{"line":19,"column":5},"end":{"line":19,"column":17}}},"3":{"name":"(anonymous_3)","line":23,"loc":{"start":{"line":23,"column":24},"end":{"line":23,"column":36}}}},"statementMap":{"1":{"start":{"line":12,"column":0},"end":{"line":53,"column":5}},"2":{"start":{"line":14,"column":4},"end":{"line":14,"column":14}},"3":{"start":{"line":19,"column":4},"end":{"line":52,"column":9}},"4":{"start":{"line":21,"column":8},"end":{"line":21,"column":19}},"5":{"start":{"line":23,"column":8},"end":{"line":35,"column":13}},"6":{"start":{"line":24,"column":12},"end":{"line":34,"column":13}},"7":{"start":{"line":25,"column":16},"end":{"line":28,"column":30}},"8":{"start":{"line":30,"column":16},"end":{"line":33,"column":27}},"9":{"start":{"line":37,"column":8},"end":{"line":39,"column":21}},"10":{"start":{"line":41,"column":8},"end":{"line":41,"column":54}},"11":{"start":{"line":43,"column":8},"end":{"line":43,"column":55}},"12":{"start":{"line":45,"column":8},"end":{"line":51,"column":9}},"13":{"start":{"line":46,"column":12},"end":{"line":46,"column":61}},"14":{"start":{"line":48,"column":12},"end":{"line":48,"column":35}},"15":{"start":{"line":49,"column":12},"end":{"line":49,"column":49}},"16":{"start":{"line":50,"column":12},"end":{"line":50,"column":43}}},"branchMap":{"1":{"line":25,"type":"binary-expr","locations":[{"start":{"line":25,"column":23},"end":{"line":25,"column":62}},{"start":{"line":26,"column":20},"end":{"line":26,"column":70}},{"start":{"line":27,"column":20},"end":{"line":27,"column":71}},{"start":{"line":28,"column":20},"end":{"line":28,"column":29}}]},"2":{"line":30,"type":"binary-expr","locations":[{"start":{"line":30,"column":23},"end":{"line":30,"column":37}},{"start":{"line":31,"column":20},"end":{"line":31,"column":61}},{"start":{"line":32,"column":20},"end":{"line":32,"column":70}},{"start":{"line":33,"column":20},"end":{"line":33,"column":26}}]},"3":{"line":37,"type":"cond-expr","locations":[{"start":{"line":38,"column":14},"end":{"line":38,"column":20}},{"start":{"line":39,"column":14},"end":{"line":39,"column":20}}]},"4":{"line":41,"type":"binary-expr","locations":[{"start":{"line":41,"column":16},"end":{"line":41,"column":44}},{"start":{"line":41,"column":48},"end":{"line":41,"column":53}}]},"5":{"line":45,"type":"if","locations":[{"start":{"line":45,"column":8},"end":{"line":45,"column":8}},{"start":{"line":45,"column":8},"end":{"line":45,"column":8}}]}},"code":["/* istanbul instrument in package npmtest_schemapack */","/*jslint","    bitwise: true,","    browser: true,","    maxerr: 8,","    maxlen: 96,","    node: true,","    nomen: true,","    regexp: true,","    stupid: true","*/","(function () {","    'use strict';","    var local;","","","","    // run shared js-env code - pre-init","    (function () {","        // init local","        local = {};","        // init modeJs","        local.modeJs = (function () {","            try {","                return typeof navigator.userAgent === 'string' &&","                    typeof document.querySelector('body') === 'object' &&","                    typeof XMLHttpRequest.prototype.open === 'function' &&","                    'browser';","            } catch (errorCaughtBrowser) {","                return module.exports &&","                    typeof process.versions.node === 'string' &&","                    typeof require('http').createServer === 'function' &&","                    'node';","            }","        }());","        // init global","        local.global = local.modeJs === 'browser'","            ? window","            : global;","        // init utility2_rollup","        local = local.global.utility2_rollup || local;","        // init lib","        local.local = local.npmtest_schemapack = local;","        // init exports","        if (local.modeJs === 'browser') {","            local.global.utility2_npmtest_schemapack = local;","        } else {","            module.exports = local;","            module.exports.__dirname = __dirname;","            module.exports.module = module;","        }","    }());","}());",""],"l":{"12":2,"14":2,"19":2,"21":2,"23":2,"24":2,"25":2,"30":1,"37":2,"41":2,"43":2,"45":2,"46":1,"48":1,"49":1,"50":1}},"/home/travis/build/npmtest/node-npmtest-schemapack/example.js":{"path":"/home/travis/build/npmtest/node-npmtest-schemapack/example.js","s":{"1":2,"2":2,"3":2,"4":2,"5":2,"6":2,"7":2,"8":1,"9":2,"10":2,"11":2,"12":2,"13":1,"14":2,"15":2,"16":2,"17":2,"18":2,"19":0,"20":2,"21":1,"22":1,"23":1,"24":1,"25":1,"26":0,"27":0,"28":1,"29":1,"30":2,"31":0,"32":0,"33":0,"34":1,"35":2,"36":2,"37":3,"38":3,"39":3,"40":3,"41":0,"42":3,"43":3,"44":3,"45":1,"46":3,"47":1,"48":1,"49":1,"50":1,"51":1,"52":1,"53":1,"54":1,"55":1,"56":1,"57":0,"58":1,"59":6,"60":6,"61":1,"62":2,"63":0,"64":2,"65":1,"66":1,"67":0,"68":0,"69":0,"70":0,"71":0,"72":0,"73":0,"74":0,"75":0,"76":0,"77":0,"78":0,"79":0,"80":0,"81":0,"82":0,"83":0},"b":{"1":[2,1,1,1],"2":[1,1,1,1],"3":[1,1],"4":[2,2],"5":[1,1],"6":[1,1],"7":[2,0],"8":[2,1,1,1,1,1],"9":[0,2,0],"10":[1,1],"11":[2,1,1],"12":[1,0],"13":[0,2],"14":[2,0,0,0,0,0,0],"15":[0,3],"16":[3,0],"17":[1,1],"18":[0,1],"19":[1,2,0,2],"20":[1,0],"21":[1,1],"22":[0,0],"23":[0,0],"24":[0,0],"25":[0,0],"26":[0,0],"27":[0,0],"28":[0,0]},"f":{"1":2,"2":2,"3":2,"4":2,"5":2,"6":2,"7":3,"8":3,"9":3,"10":1,"11":6,"12":0},"fnMap":{"1":{"name":"(anonymous_1)","line":26,"loc":{"start":{"line":26,"column":1},"end":{"line":26,"column":13}}},"2":{"name":"(anonymous_2)","line":33,"loc":{"start":{"line":33,"column":5},"end":{"line":33,"column":17}}},"3":{"name":"(anonymous_3)","line":37,"loc":{"start":{"line":37,"column":24},"end":{"line":37,"column":36}}},"4":{"name":"(anonymous_4)","line":69,"loc":{"start":{"line":69,"column":31},"end":{"line":69,"column":48}},"skip":true},"5":{"name":"(anonymous_5)","line":78,"loc":{"start":{"line":78,"column":26},"end":{"line":78,"column":45}},"skip":true},"6":{"name":"(anonymous_6)","line":123,"loc":{"start":{"line":123,"column":33},"end":{"line":123,"column":48}},"skip":true},"7":{"name":"(anonymous_7)","line":125,"loc":{"start":{"line":125,"column":27},"end":{"line":125,"column":39}},"skip":true},"8":{"name":"(anonymous_8)","line":133,"loc":{"start":{"line":133,"column":59},"end":{"line":133,"column":74}},"skip":true},"9":{"name":"(anonymous_9)","line":143,"loc":{"start":{"line":143,"column":45},"end":{"line":143,"column":62}},"skip":true},"10":{"name":"(anonymous_10)","line":144,"loc":{"start":{"line":144,"column":73},"end":{"line":144,"column":92}},"skip":true},"11":{"name":"(anonymous_11)","line":272,"loc":{"start":{"line":272,"column":51},"end":{"line":272,"column":77}},"skip":true},"12":{"name":"(anonymous_12)","line":315,"loc":{"start":{"line":315,"column":32},"end":{"line":315,"column":61}},"skip":true}},"statementMap":{"1":{"start":{"line":26,"column":0},"end":{"line":326,"column":5}},"2":{"start":{"line":28,"column":4},"end":{"line":28,"column":14}},"3":{"start":{"line":33,"column":4},"end":{"line":60,"column":9}},"4":{"start":{"line":35,"column":8},"end":{"line":35,"column":19}},"5":{"start":{"line":37,"column":8},"end":{"line":49,"column":13}},"6":{"start":{"line":38,"column":12},"end":{"line":48,"column":13}},"7":{"start":{"line":39,"column":16},"end":{"line":42,"column":30}},"8":{"start":{"line":44,"column":16},"end":{"line":47,"column":27}},"9":{"start":{"line":51,"column":8},"end":{"line":53,"column":21}},"10":{"start":{"line":55,"column":8},"end":{"line":57,"column":45}},"11":{"start":{"line":59,"column":8},"end":{"line":59,"column":35}},"12":{"start":{"line":61,"column":4},"end":{"line":325,"column":5}},"13":{"start":{"line":69,"column":8},"end":{"line":121,"column":10},"skip":true},"14":{"start":{"line":70,"column":12},"end":{"line":88,"column":13},"skip":true},"15":{"start":{"line":76,"column":16},"end":{"line":87,"column":19},"skip":true},"16":{"start":{"line":79,"column":20},"end":{"line":86,"column":21},"skip":true},"17":{"start":{"line":82,"column":24},"end":{"line":82,"column":43},"skip":true},"18":{"start":{"line":83,"column":24},"end":{"line":83,"column":30},"skip":true},"19":{"start":{"line":85,"column":24},"end":{"line":85,"column":49},"skip":true},"20":{"start":{"line":89,"column":12},"end":{"line":107,"column":13},"skip":true},"21":{"start":{"line":92,"column":16},"end":{"line":102,"column":17},"skip":true},"22":{"start":{"line":93,"column":20},"end":{"line":93,"column":86},"skip":true},"23":{"start":{"line":94,"column":20},"end":{"line":95,"column":45},"skip":true},"24":{"start":{"line":96,"column":20},"end":{"line":96,"column":42},"skip":true},"25":{"start":{"line":97,"column":20},"end":{"line":97,"column":48},"skip":true},"26":{"start":{"line":100,"column":20},"end":{"line":100,"column":85},"skip":true},"27":{"start":{"line":101,"column":20},"end":{"line":101,"column":96},"skip":true},"28":{"start":{"line":103,"column":16},"end":{"line":103,"column":22},"skip":true},"29":{"start":{"line":106,"column":16},"end":{"line":106,"column":22},"skip":true},"30":{"start":{"line":108,"column":12},"end":{"line":120,"column":13},"skip":true},"31":{"start":{"line":114,"column":16},"end":{"line":119,"column":17},"skip":true},"32":{"start":{"line":116,"column":20},"end":{"line":116,"column":78},"skip":true},"33":{"start":{"line":118,"column":20},"end":{"line":118,"column":47},"skip":true},"34":{"start":{"line":123,"column":8},"end":{"line":141,"column":11},"skip":true},"35":{"start":{"line":124,"column":12},"end":{"line":124,"column":54},"skip":true},"36":{"start":{"line":125,"column":12},"end":{"line":140,"column":14},"skip":true},"37":{"start":{"line":126,"column":16},"end":{"line":126,"column":28},"skip":true},"38":{"start":{"line":127,"column":16},"end":{"line":127,"column":69},"skip":true},"39":{"start":{"line":128,"column":16},"end":{"line":128,"column":75},"skip":true},"40":{"start":{"line":129,"column":16},"end":{"line":131,"column":17},"skip":true},"41":{"start":{"line":130,"column":20},"end":{"line":130,"column":27},"skip":true},"42":{"start":{"line":133,"column":16},"end":{"line":137,"column":36},"skip":true},"43":{"start":{"line":134,"column":20},"end":{"line":136,"column":55},"skip":true},"44":{"start":{"line":139,"column":16},"end":{"line":139,"column":57},"skip":true},"45":{"start":{"line":143,"column":8},"end":{"line":147,"column":11},"skip":true},"46":{"start":{"line":144,"column":12},"end":{"line":146,"column":15},"skip":true},"47":{"start":{"line":145,"column":16},"end":{"line":145,"column":70},"skip":true},"48":{"start":{"line":149,"column":8},"end":{"line":149,"column":31},"skip":true},"49":{"start":{"line":150,"column":8},"end":{"line":150,"column":14},"skip":true},"50":{"start":{"line":158,"column":8},"end":{"line":158,"column":31},"skip":true},"51":{"start":{"line":160,"column":8},"end":{"line":160,"column":33},"skip":true},"52":{"start":{"line":161,"column":8},"end":{"line":161,"column":37},"skip":true},"53":{"start":{"line":162,"column":8},"end":{"line":162,"column":35},"skip":true},"54":{"start":{"line":164,"column":8},"end":{"line":164,"column":50},"skip":true},"55":{"start":{"line":166,"column":8},"end":{"line":256,"column":2},"skip":true},"56":{"start":{"line":258,"column":8},"end":{"line":286,"column":9},"skip":true},"57":{"start":{"line":259,"column":12},"end":{"line":269,"column":14},"skip":true},"58":{"start":{"line":271,"column":12},"end":{"line":285,"column":19},"skip":true},"59":{"start":{"line":274,"column":20},"end":{"line":274,"column":35},"skip":true},"60":{"start":{"line":275,"column":20},"end":{"line":284,"column":21},"skip":true},"61":{"start":{"line":277,"column":24},"end":{"line":277,"column":64},"skip":true},"62":{"start":{"line":279,"column":24},"end":{"line":279,"column":40},"skip":true},"63":{"start":{"line":281,"column":24},"end":{"line":281,"column":40},"skip":true},"64":{"start":{"line":283,"column":24},"end":{"line":283,"column":39},"skip":true},"65":{"start":{"line":288,"column":8},"end":{"line":290,"column":9},"skip":true},"66":{"start":{"line":289,"column":12},"end":{"line":289,"column":18},"skip":true},"67":{"start":{"line":291,"column":8},"end":{"line":293,"column":54},"skip":true},"68":{"start":{"line":296,"column":8},"end":{"line":301,"column":37},"skip":true},"69":{"start":{"line":303,"column":8},"end":{"line":303,"column":82},"skip":true},"70":{"start":{"line":306,"column":8},"end":{"line":308,"column":9},"skip":true},"71":{"start":{"line":307,"column":12},"end":{"line":307,"column":82},"skip":true},"72":{"start":{"line":310,"column":8},"end":{"line":312,"column":9},"skip":true},"73":{"start":{"line":311,"column":12},"end":{"line":311,"column":18},"skip":true},"74":{"start":{"line":313,"column":8},"end":{"line":313,"column":54},"skip":true},"75":{"start":{"line":314,"column":8},"end":{"line":314,"column":69},"skip":true},"76":{"start":{"line":315,"column":8},"end":{"line":323,"column":36},"skip":true},"77":{"start":{"line":316,"column":12},"end":{"line":316,"column":61},"skip":true},"78":{"start":{"line":317,"column":12},"end":{"line":320,"column":13},"skip":true},"79":{"start":{"line":318,"column":16},"end":{"line":318,"column":75},"skip":true},"80":{"start":{"line":319,"column":16},"end":{"line":319,"column":23},"skip":true},"81":{"start":{"line":321,"column":12},"end":{"line":321,"column":38},"skip":true},"82":{"start":{"line":322,"column":12},"end":{"line":322,"column":27},"skip":true},"83":{"start":{"line":324,"column":8},"end":{"line":324,"column":14},"skip":true}},"branchMap":{"1":{"line":39,"type":"binary-expr","locations":[{"start":{"line":39,"column":23},"end":{"line":39,"column":62}},{"start":{"line":40,"column":20},"end":{"line":40,"column":70}},{"start":{"line":41,"column":20},"end":{"line":41,"column":71}},{"start":{"line":42,"column":20},"end":{"line":42,"column":29}}]},"2":{"line":44,"type":"binary-expr","locations":[{"start":{"line":44,"column":23},"end":{"line":44,"column":37}},{"start":{"line":45,"column":20},"end":{"line":45,"column":61}},{"start":{"line":46,"column":20},"end":{"line":46,"column":70}},{"start":{"line":47,"column":20},"end":{"line":47,"column":26}}]},"3":{"line":51,"type":"cond-expr","locations":[{"start":{"line":52,"column":14},"end":{"line":52,"column":20}},{"start":{"line":53,"column":14},"end":{"line":53,"column":20}}]},"4":{"line":55,"type":"binary-expr","locations":[{"start":{"line":55,"column":16},"end":{"line":55,"column":44}},{"start":{"line":55,"column":49},"end":{"line":57,"column":43}}]},"5":{"line":55,"type":"cond-expr","locations":[{"start":{"line":56,"column":14},"end":{"line":56,"column":54}},{"start":{"line":57,"column":14},"end":{"line":57,"column":43}}]},"6":{"line":61,"type":"switch","locations":[{"start":{"line":68,"column":4},"end":{"line":150,"column":14},"skip":true},{"start":{"line":156,"column":4},"end":{"line":324,"column":14},"skip":true}]},"7":{"line":70,"type":"if","locations":[{"start":{"line":70,"column":12},"end":{"line":70,"column":12},"skip":true},{"start":{"line":70,"column":12},"end":{"line":70,"column":12},"skip":true}]},"8":{"line":70,"type":"binary-expr","locations":[{"start":{"line":70,"column":16},"end":{"line":70,"column":22},"skip":true},{"start":{"line":70,"column":27},"end":{"line":70,"column":32},"skip":true},{"start":{"line":71,"column":20},"end":{"line":71,"column":39},"skip":true},{"start":{"line":72,"column":20},"end":{"line":72,"column":49},"skip":true},{"start":{"line":73,"column":20},"end":{"line":73,"column":58},"skip":true},{"start":{"line":74,"column":20},"end":{"line":74,"column":69},"skip":true}]},"9":{"line":79,"type":"switch","locations":[{"start":{"line":80,"column":20},"end":{"line":80,"column":33},"skip":true},{"start":{"line":81,"column":20},"end":{"line":83,"column":30},"skip":true},{"start":{"line":84,"column":20},"end":{"line":85,"column":49},"skip":true}]},"10":{"line":89,"type":"switch","locations":[{"start":{"line":90,"column":12},"end":{"line":103,"column":22},"skip":true},{"start":{"line":105,"column":12},"end":{"line":106,"column":22},"skip":true}]},"11":{"line":89,"type":"binary-expr","locations":[{"start":{"line":89,"column":20},"end":{"line":89,"column":25},"skip":true},{"start":{"line":89,"column":29},"end":{"line":89,"column":48},"skip":true},{"start":{"line":89,"column":52},"end":{"line":89,"column":74},"skip":true}]},"12":{"line":92,"type":"if","locations":[{"start":{"line":92,"column":16},"end":{"line":92,"column":16},"skip":true},{"start":{"line":92,"column":16},"end":{"line":92,"column":16},"skip":true}]},"13":{"line":108,"type":"if","locations":[{"start":{"line":108,"column":12},"end":{"line":108,"column":12},"skip":true},{"start":{"line":108,"column":12},"end":{"line":108,"column":12},"skip":true}]},"14":{"line":108,"type":"binary-expr","locations":[{"start":{"line":108,"column":16},"end":{"line":108,"column":61},"skip":true},{"start":{"line":108,"column":66},"end":{"line":108,"column":72},"skip":true},{"start":{"line":108,"column":77},"end":{"line":108,"column":82},"skip":true},{"start":{"line":109,"column":20},"end":{"line":109,"column":39},"skip":true},{"start":{"line":110,"column":20},"end":{"line":110,"column":49},"skip":true},{"start":{"line":111,"column":20},"end":{"line":111,"column":58},"skip":true},{"start":{"line":112,"column":20},"end":{"line":112,"column":68},"skip":true}]},"15":{"line":129,"type":"if","locations":[{"start":{"line":129,"column":16},"end":{"line":129,"column":16},"skip":true},{"start":{"line":129,"column":16},"end":{"line":129,"column":16},"skip":true}]},"16":{"line":134,"type":"cond-expr","locations":[{"start":{"line":135,"column":26},"end":{"line":135,"column":29},"skip":true},{"start":{"line":136,"column":26},"end":{"line":136,"column":54},"skip":true}]},"17":{"line":164,"type":"binary-expr","locations":[{"start":{"line":164,"column":27},"end":{"line":164,"column":43},"skip":true},{"start":{"line":164,"column":47},"end":{"line":164,"column":49},"skip":true}]},"18":{"line":258,"type":"if","locations":[{"start":{"line":258,"column":8},"end":{"line":258,"column":8},"skip":true},{"start":{"line":258,"column":8},"end":{"line":258,"column":8},"skip":true}]},"19":{"line":275,"type":"switch","locations":[{"start":{"line":276,"column":20},"end":{"line":277,"column":64},"skip":true},{"start":{"line":278,"column":20},"end":{"line":279,"column":40},"skip":true},{"start":{"line":280,"column":20},"end":{"line":281,"column":40},"skip":true},{"start":{"line":282,"column":20},"end":{"line":283,"column":39},"skip":true}]},"20":{"line":288,"type":"if","locations":[{"start":{"line":288,"column":8},"end":{"line":288,"column":8},"skip":true},{"start":{"line":288,"column":8},"end":{"line":288,"column":8},"skip":true}]},"21":{"line":288,"type":"binary-expr","locations":[{"start":{"line":288,"column":12},"end":{"line":288,"column":40},"skip":true},{"start":{"line":288,"column":44},"end":{"line":288,"column":67},"skip":true}]},"22":{"line":292,"type":"binary-expr","locations":[{"start":{"line":292,"column":12},"end":{"line":292,"column":50},"skip":true},{"start":{"line":293,"column":12},"end":{"line":293,"column":53},"skip":true}]},"23":{"line":297,"type":"binary-expr","locations":[{"start":{"line":297,"column":12},"end":{"line":297,"column":68},"skip":true},{"start":{"line":298,"column":12},"end":{"line":301,"column":36},"skip":true}]},"24":{"line":303,"type":"binary-expr","locations":[{"start":{"line":303,"column":43},"end":{"line":303,"column":75},"skip":true},{"start":{"line":303,"column":79},"end":{"line":303,"column":81},"skip":true}]},"25":{"line":306,"type":"if","locations":[{"start":{"line":306,"column":8},"end":{"line":306,"column":8},"skip":true},{"start":{"line":306,"column":8},"end":{"line":306,"column":8},"skip":true}]},"26":{"line":310,"type":"if","locations":[{"start":{"line":310,"column":8},"end":{"line":310,"column":8},"skip":true},{"start":{"line":310,"column":8},"end":{"line":310,"column":8},"skip":true}]},"27":{"line":313,"type":"binary-expr","locations":[{"start":{"line":313,"column":27},"end":{"line":313,"column":43},"skip":true},{"start":{"line":313,"column":47},"end":{"line":313,"column":53},"skip":true}]},"28":{"line":317,"type":"if","locations":[{"start":{"line":317,"column":12},"end":{"line":317,"column":12},"skip":true},{"start":{"line":317,"column":12},"end":{"line":317,"column":12},"skip":true}]}},"code":["/*","example.js","","quickstart example","","instruction","    1. save this script as example.js","    2. run the shell command:","        $ npm install npmtest-schemapack && PORT=8081 node example.js","    3. play with the browser-demo on http://127.0.0.1:8081","*/","","","","/* istanbul instrument in package npmtest_schemapack */","/*jslint","    bitwise: true,","    browser: true,","    maxerr: 8,","    maxlen: 96,","    node: true,","    nomen: true,","    regexp: true,","    stupid: true","*/","(function () {","    'use strict';","    var local;","","","","    // run shared js-env code - pre-init","    (function () {","        // init local","        local = {};","        // init modeJs","        local.modeJs = (function () {","            try {","                return typeof navigator.userAgent === 'string' &&","                    typeof document.querySelector('body') === 'object' &&","                    typeof XMLHttpRequest.prototype.open === 'function' &&","                    'browser';","            } catch (errorCaughtBrowser) {","                return module.exports &&","                    typeof process.versions.node === 'string' &&","                    typeof require('http').createServer === 'function' &&","                    'node';","            }","        }());","        // init global","        local.global = local.modeJs === 'browser'","            ? window","            : global;","        // init utility2_rollup","        local = local.global.utility2_rollup || (local.modeJs === 'browser'","            ? local.global.utility2_npmtest_schemapack","            : global.utility2_moduleExports);","        // export local","        local.global.local = local;","    }());","    switch (local.modeJs) {","","","","    // post-init","    // run browser js-env code - post-init","    /* istanbul ignore next */","    case 'browser':","        local.testRunBrowser = function (event) {","            if (!event || (event &&","                    event.currentTarget &&","                    event.currentTarget.className &&","                    event.currentTarget.className.includes &&","                    event.currentTarget.className.includes('onreset'))) {","                // reset output","                Array.from(","                    document.querySelectorAll('body > .resettable')","                ).forEach(function (element) {","                    switch (element.tagName) {","                    case 'INPUT':","                    case 'TEXTAREA':","                        element.value = '';","                        break;","                    default:","                        element.textContent = '';","                    }","                });","            }","            switch (event && event.currentTarget && event.currentTarget.id) {","            case 'testRunButton1':","                // show tests","                if (document.querySelector('#testReportDiv1').style.display === 'none') {","                    document.querySelector('#testReportDiv1').style.display = 'block';","                    document.querySelector('#testRunButton1').textContent =","                        'hide internal test';","                    local.modeTest = true;","                    local.testRunDefault(local);","                // hide tests","                } else {","                    document.querySelector('#testReportDiv1').style.display = 'none';","                    document.querySelector('#testRunButton1').textContent = 'run internal test';","                }","                break;","            // custom-case","            default:","                break;","            }","            if (document.querySelector('#inputTextareaEval1') && (!event || (event &&","                    event.currentTarget &&","                    event.currentTarget.className &&","                    event.currentTarget.className.includes &&","                    event.currentTarget.className.includes('oneval')))) {","                // try to eval input-code","                try {","                    /*jslint evil: true*/","                    eval(document.querySelector('#inputTextareaEval1').value);","                } catch (errorCaught) {","                    console.error(errorCaught);","                }","            }","        };","        // log stderr and stdout to #outputTextareaStdout1","        ['error', 'log'].forEach(function (key) {","            console[key + '_original'] = console[key];","            console[key] = function () {","                var element;","                console[key + '_original'].apply(console, arguments);","                element = document.querySelector('#outputTextareaStdout1');","                if (!element) {","                    return;","                }","                // append text to #outputTextareaStdout1","                element.value += Array.from(arguments).map(function (arg) {","                    return typeof arg === 'string'","                        ? arg","                        : JSON.stringify(arg, null, 4);","                }).join(' ') + '\\n';","                // scroll textarea to bottom","                element.scrollTop = element.scrollHeight;","            };","        });","        // init event-handling","        ['change', 'click', 'keyup'].forEach(function (event) {","            Array.from(document.querySelectorAll('.on' + event)).forEach(function (element) {","                element.addEventListener(event, local.testRunBrowser);","            });","        });","        // run tests","        local.testRunBrowser();","        break;","","","","    // run node js-env code - post-init","    /* istanbul ignore next */","    case 'node':","        // export local","        module.exports = local;","        // require modules","        local.fs = require('fs');","        local.http = require('http');","        local.url = require('url');","        // init assets","        local.assetsDict = local.assetsDict || {};","        /* jslint-ignore-begin */","        local.assetsDict['/assets.index.template.html'] = '\\","<!doctype html>\\n\\","<html lang=\"en\">\\n\\","<head>\\n\\","<meta charset=\"UTF-8\">\\n\\","<meta name=\"viewport\" content=\"width=device-width, initial-scale=1\">\\n\\","<title>{{env.npm_package_name}} (v{{env.npm_package_version}})</title>\\n\\","<style>\\n\\","/*csslint\\n\\","    box-sizing: false,\\n\\","    universal-selector: false\\n\\","*/\\n\\","* {\\n\\","    box-sizing: border-box;\\n\\","}\\n\\","body {\\n\\","    background: #dde;\\n\\","    font-family: Arial, Helvetica, sans-serif;\\n\\","    margin: 2rem;\\n\\","}\\n\\","body > * {\\n\\","    margin-bottom: 1rem;\\n\\","}\\n\\",".utility2FooterDiv {\\n\\","    margin-top: 20px;\\n\\","    text-align: center;\\n\\","}\\n\\","</style>\\n\\","<style>\\n\\","/*csslint\\n\\","*/\\n\\","textarea {\\n\\","    font-family: monospace;\\n\\","    height: 10rem;\\n\\","    width: 100%;\\n\\","}\\n\\","textarea[readonly] {\\n\\","    background: #ddd;\\n\\","}\\n\\","</style>\\n\\","</head>\\n\\","<body>\\n\\","<!-- utility2-comment\\n\\","<div id=\"ajaxProgressDiv1\" style=\"background: #d00; height: 2px; left: 0; margin: 0; padding: 0; position: fixed; top: 0; transition: background 0.5s, width 1.5s; width: 25%;\"></div>\\n\\","utility2-comment -->\\n\\","<h1>\\n\\","<!-- utility2-comment\\n\\","    <a\\n\\","        {{#if env.npm_package_homepage}}\\n\\","        href=\"{{env.npm_package_homepage}}\"\\n\\","        {{/if env.npm_package_homepage}}\\n\\","        target=\"_blank\"\\n\\","    >\\n\\","utility2-comment -->\\n\\","        {{env.npm_package_name}} (v{{env.npm_package_version}})\\n\\","<!-- utility2-comment\\n\\","    </a>\\n\\","utility2-comment -->\\n\\","</h1>\\n\\","<h3>{{env.npm_package_description}}</h3>\\n\\","<!-- utility2-comment\\n\\","<h4><a download href=\"assets.app.js\">download standalone app</a></h4>\\n\\","<button class=\"onclick onreset\" id=\"testRunButton1\">run internal test</button><br>\\n\\","<div id=\"testReportDiv1\" style=\"display: none;\"></div>\\n\\","utility2-comment -->\\n\\","\\n\\","\\n\\","\\n\\","<label>stderr and stdout</label>\\n\\","<textarea class=\"resettable\" id=\"outputTextareaStdout1\" readonly></textarea>\\n\\","<!-- utility2-comment\\n\\","{{#if isRollup}}\\n\\","<script src=\"assets.app.js\"></script>\\n\\","{{#unless isRollup}}\\n\\","utility2-comment -->\\n\\","<script src=\"assets.utility2.rollup.js\"></script>\\n\\","<script src=\"jsonp.utility2._stateInit?callback=window.utility2._stateInit\"></script>\\n\\","<script src=\"assets.npmtest_schemapack.rollup.js\"></script>\\n\\","<script src=\"assets.example.js\"></script>\\n\\","<script src=\"assets.test.js\"></script>\\n\\","<!-- utility2-comment\\n\\","{{/if isRollup}}\\n\\","utility2-comment -->\\n\\","<div class=\"utility2FooterDiv\">\\n\\","    [ this app was created with\\n\\","    <a href=\"https://github.com/kaizhu256/node-utility2\" target=\"_blank\">utility2</a>\\n\\","    ]\\n\\","</div>\\n\\","</body>\\n\\","</html>\\n\\","';","        /* jslint-ignore-end */","        if (local.templateRender) {","            local.assetsDict['/'] = local.templateRender(","                local.assetsDict['/assets.index.template.html'],","                {","                    env: local.objectSetDefault(local.env, {","                        npm_package_description: 'the greatest app in the world!',","                        npm_package_name: 'my-app',","                        npm_package_nameAlias: 'my_app',","                        npm_package_version: '0.0.1'","                    })","                }","            );","        } else {","            local.assetsDict['/'] = local.assetsDict['/assets.index.template.html']","                .replace((/\\{\\{env\\.(\\w+?)\\}\\}/g), function (match0, match1) {","                    // jslint-hack","                    String(match0);","                    switch (match1) {","                    case 'npm_package_description':","                        return 'the greatest app in the world!';","                    case 'npm_package_name':","                        return 'my-app';","                    case 'npm_package_nameAlias':","                        return 'my_app';","                    case 'npm_package_version':","                        return '0.0.1';","                    }","                });","        }","        // run the cli","        if (local.global.utility2_rollup || module !== require.main) {","            break;","        }","        local.assetsDict['/assets.example.js'] =","            local.assetsDict['/assets.example.js'] ||","            local.fs.readFileSync(__filename, 'utf8');","        // bug-workaround - long $npm_package_buildCustomOrg","        /* jslint-ignore-begin */","        local.assetsDict['/assets.npmtest_schemapack.rollup.js'] =","            local.assetsDict['/assets.npmtest_schemapack.rollup.js'] ||","            local.fs.readFileSync(","                local.npmtest_schemapack.__dirname + '/lib.npmtest_schemapack.js',","                'utf8'","            ).replace((/^#!/), '//');","        /* jslint-ignore-end */","        local.assetsDict['/favicon.ico'] = local.assetsDict['/favicon.ico'] || '';","        // if $npm_config_timeout_exit exists,","        // then exit this process after $npm_config_timeout_exit ms","        if (Number(process.env.npm_config_timeout_exit)) {","            setTimeout(process.exit, Number(process.env.npm_config_timeout_exit));","        }","        // start server","        if (local.global.utility2_serverHttp1) {","            break;","        }","        process.env.PORT = process.env.PORT || '8081';","        console.error('server starting on port ' + process.env.PORT);","        local.http.createServer(function (request, response) {","            request.urlParsed = local.url.parse(request.url);","            if (local.assetsDict[request.urlParsed.pathname] !== undefined) {","                response.end(local.assetsDict[request.urlParsed.pathname]);","                return;","            }","            response.statusCode = 404;","            response.end();","        }).listen(process.env.PORT);","        break;","    }","}());",""],"l":{"26":2,"28":2,"33":2,"35":2,"37":2,"38":2,"39":2,"44":1,"51":2,"55":2,"59":2,"61":2,"69":1,"70":2,"76":2,"79":2,"82":2,"83":2,"85":1,"89":2,"92":1,"93":1,"94":1,"96":1,"97":1,"100":1,"101":1,"103":1,"106":1,"108":2,"114":1,"116":1,"118":1,"123":1,"124":2,"125":2,"126":3,"127":3,"128":3,"129":3,"130":1,"133":3,"134":3,"139":3,"143":1,"144":3,"145":1,"149":1,"150":1,"158":1,"160":1,"161":1,"162":1,"164":1,"166":1,"258":1,"259":1,"271":1,"274":6,"275":6,"277":1,"279":2,"281":1,"283":2,"288":1,"289":1,"291":1,"296":1,"303":1,"306":1,"307":1,"310":1,"311":1,"313":1,"314":1,"315":1,"316":1,"317":1,"318":1,"319":1,"321":1,"322":1,"324":1}},"/home/travis/build/npmtest/node-npmtest-schemapack/node_modules/schemapack/schemapack.js":{"path":"/home/travis/build/npmtest/node-npmtest-schemapack/node_modules/schemapack/schemapack.js","s":{"1":1,"2":1,"3":1,"4":1,"5":1,"6":1,"7":1,"8":0,"9":1,"10":1,"11":6,"12":6,"13":6,"14":0,"15":6,"16":0,"17":6,"18":1,"19":0,"20":1,"21":0,"22":0,"23":0,"24":0,"25":0,"26":1,"27":2,"28":1,"29":1,"30":2,"31":1,"32":0,"33":1,"34":2,"35":2,"36":3,"37":3,"38":3,"39":2,"40":1,"41":0,"42":0,"43":1,"44":0,"45":0,"46":0,"47":1,"48":0,"49":0,"50":0,"51":0,"52":1,"53":0,"54":0,"55":0,"56":0,"57":1,"58":0,"59":0,"60":0,"61":0,"62":0,"63":1,"64":1,"65":11,"66":2,"67":0,"68":6,"69":1,"70":0,"71":0,"72":0,"73":0,"74":0,"75":0,"76":2,"77":0,"78":0,"79":1,"80":1,"81":0,"82":0,"83":1,"84":0,"85":0,"86":0,"87":1,"88":2,"89":0,"90":2,"91":1,"92":0,"93":1,"94":1,"95":0,"96":1,"97":0,"98":0,"99":1,"100":1,"101":1,"102":1,"103":1,"104":1,"105":1,"106":1,"107":1,"108":1,"109":1,"110":1,"111":1,"112":1,"113":1,"114":3,"115":3,"116":3,"117":3,"118":1,"119":1,"120":1,"121":1,"122":1,"123":1,"124":1,"125":6,"126":1,"127":9,"128":1,"129":3,"130":3,"131":3,"132":3,"133":3,"134":3,"135":1,"136":0,"137":0,"138":0,"139":0,"140":0,"141":0,"142":1,"143":0,"144":0,"145":1,"146":2,"147":2,"148":1,"149":9,"150":9,"151":1,"152":11,"153":11,"154":2,"155":0,"156":6,"157":1,"158":0,"159":0,"160":0,"161":0,"162":0,"163":0,"164":2,"165":0,"166":0,"167":1,"168":11,"169":11,"170":1,"171":11,"172":1,"173":11,"174":11,"175":9,"176":2,"177":1,"178":12,"179":1,"180":1,"181":1,"182":1,"183":1,"184":1,"185":1,"186":1,"187":1,"188":1,"189":1,"190":1,"191":1,"192":1,"193":4,"194":4,"195":4,"196":8,"197":4,"198":4,"199":9,"200":9,"201":9,"202":1,"203":9,"204":9,"205":9,"206":9,"207":1,"208":1,"209":1,"210":9,"211":1,"212":1,"213":1,"214":1,"215":1,"216":1,"217":1,"218":1,"219":1,"220":1,"221":1,"222":1,"223":1,"224":1,"225":1,"226":1,"227":1,"228":1,"229":1,"230":1,"231":1,"232":8,"233":2,"234":2,"235":2,"236":2,"237":2,"238":2,"239":6,"240":6,"241":6,"242":6,"243":6,"244":1,"245":6,"246":6,"247":6,"248":6,"249":1,"250":5,"251":5,"252":5,"253":5,"254":1,"255":1,"256":1,"257":1,"258":1,"259":1,"260":1,"261":1,"262":1,"263":1,"264":1,"265":1,"266":1,"267":1,"268":1,"269":1,"270":1,"271":1},"b":{"1":[0,1],"2":[0,6],"3":[0,6],"4":[0,0],"5":[0,0],"6":[0,0],"7":[2,0,6,1,0,0,0,0,0,0,2,0,0],"8":[0,2],"9":[1,0],"10":[1,0],"11":[3,0],"12":[2,1],"13":[0,3],"14":[0,0],"15":[0,0],"16":[0,0],"17":[0,0],"18":[0,0],"19":[2,0,6,1,0,0,0,0,0,0,2,0,0],"20":[11,0],"21":[9,2],"22":[3,9],"23":[12,12],"24":[3,5],"25":[5,0],"26":[1,8],"27":[1,8],"28":[1,8],"29":[9,1],"30":[1,8],"31":[1,8],"32":[1,0],"33":[1,0],"34":[1,0],"35":[2,6],"36":[2,0],"37":[1,5],"38":[1,5],"39":[1,0],"40":[1,5],"41":[0,5],"42":[1,0],"43":[1,0]},"f":{"1":1,"2":6,"3":0,"4":0,"5":2,"6":0,"7":2,"8":0,"9":0,"10":0,"11":0,"12":0,"13":11,"14":0,"15":1,"16":0,"17":0,"18":2,"19":0,"20":1,"21":0,"22":0,"23":0,"24":3,"25":1,"26":1,"27":1,"28":6,"29":9,"30":3,"31":0,"32":0,"33":2,"34":9,"35":11,"36":11,"37":11,"38":11,"39":12,"40":1,"41":4,"42":8,"43":1,"44":1,"45":1},"fnMap":{"1":{"name":"addTypeAlias","line":11,"loc":{"start":{"line":11,"column":0},"end":{"line":11,"column":51}}},"2":{"name":"getDataType","line":18,"loc":{"start":{"line":18,"column":0},"end":{"line":18,"column":26}}},"3":{"name":"setValidateByDefault","line":26,"loc":{"start":{"line":26,"column":0},"end":{"line":26,"column":36}}},"4":{"name":"setStringEncoding","line":28,"loc":{"start":{"line":28,"column":0},"end":{"line":28,"column":43}}},"5":{"name":"writeVarUInt","line":35,"loc":{"start":{"line":35,"column":0},"end":{"line":35,"column":38}}},"6":{"name":"writeVarInt","line":43,"loc":{"start":{"line":43,"column":0},"end":{"line":43,"column":37}}},"7":{"name":"readVarUInt","line":47,"loc":{"start":{"line":47,"column":0},"end":{"line":47,"column":29}}},"8":{"name":"readVarInt","line":59,"loc":{"start":{"line":59,"column":0},"end":{"line":59,"column":28}}},"9":{"name":"writeString","line":64,"loc":{"start":{"line":64,"column":0},"end":{"line":64,"column":35}}},"10":{"name":"readString","line":70,"loc":{"start":{"line":70,"column":0},"end":{"line":70,"column":28}}},"11":{"name":"writeBuffer","line":77,"loc":{"start":{"line":77,"column":0},"end":{"line":77,"column":35}}},"12":{"name":"readBuffer","line":84,"loc":{"start":{"line":84,"column":0},"end":{"line":84,"column":28}}},"13":{"name":"getWriteTypeDictStr","line":108,"loc":{"start":{"line":108,"column":0},"end":{"line":108,"column":47}}},"14":{"name":"(anonymous_14)","line":129,"loc":{"start":{"line":129,"column":12},"end":{"line":129,"column":26}}},"15":{"name":"(anonymous_15)","line":130,"loc":{"start":{"line":130,"column":13},"end":{"line":130,"column":27}}},"16":{"name":"(anonymous_16)","line":131,"loc":{"start":{"line":131,"column":12},"end":{"line":131,"column":26}}},"17":{"name":"(anonymous_17)","line":132,"loc":{"start":{"line":132,"column":12},"end":{"line":132,"column":26}}},"18":{"name":"getVarUIntByteLength","line":135,"loc":{"start":{"line":135,"column":0},"end":{"line":135,"column":35}}},"19":{"name":"getVarIntByteLength","line":140,"loc":{"start":{"line":140,"column":0},"end":{"line":140,"column":36}}},"20":{"name":"(anonymous_20)","line":144,"loc":{"start":{"line":144,"column":39},"end":{"line":144,"column":51}}},"21":{"name":"(anonymous_21)","line":146,"loc":{"start":{"line":146,"column":4},"end":{"line":146,"column":16}}},"22":{"name":"(anonymous_22)","line":150,"loc":{"start":{"line":150,"column":31},"end":{"line":150,"column":45}}},"23":{"name":"(anonymous_23)","line":152,"loc":{"start":{"line":152,"column":4},"end":{"line":152,"column":18}}},"24":{"name":"processArrayEnd","line":171,"loc":{"start":{"line":171,"column":0},"end":{"line":171,"column":65}}},"25":{"name":"getArrayLengthByteCount","line":179,"loc":{"start":{"line":179,"column":0},"end":{"line":179,"column":37}}},"26":{"name":"encodeArrayLength","line":183,"loc":{"start":{"line":183,"column":0},"end":{"line":183,"column":31}}},"27":{"name":"decodeArrayLength","line":187,"loc":{"start":{"line":187,"column":0},"end":{"line":187,"column":38}}},"28":{"name":"declareDecodeRef","line":191,"loc":{"start":{"line":191,"column":0},"end":{"line":191,"column":57}}},"29":{"name":"declareEncodeRef","line":195,"loc":{"start":{"line":195,"column":0},"end":{"line":195,"column":46}}},"30":{"name":"declareRepeatRefs","line":199,"loc":{"start":{"line":199,"column":0},"end":{"line":199,"column":118}}},"31":{"name":"throwTypeError","line":209,"loc":{"start":{"line":209,"column":0},"end":{"line":209,"column":63}}},"32":{"name":"getCheckBufferStr","line":215,"loc":{"start":{"line":215,"column":0},"end":{"line":215,"column":35}}},"33":{"name":"getCheckDataTypeStr","line":220,"loc":{"start":{"line":220,"column":0},"end":{"line":220,"column":46}}},"34":{"name":"getBoundsCheckStr","line":225,"loc":{"start":{"line":225,"column":0},"end":{"line":225,"column":57}}},"35":{"name":"validateDataType","line":230,"loc":{"start":{"line":230,"column":0},"end":{"line":230,"column":44}}},"36":{"name":"encodeValue","line":250,"loc":{"start":{"line":250,"column":0},"end":{"line":250,"column":51}}},"37":{"name":"decodeValue","line":255,"loc":{"start":{"line":255,"column":0},"end":{"line":255,"column":41}}},"38":{"name":"encodeByteCount","line":259,"loc":{"start":{"line":259,"column":0},"end":{"line":259,"column":45}}},"39":{"name":"getXN","line":266,"loc":{"start":{"line":266,"column":0},"end":{"line":266,"column":27}}},"40":{"name":"getCompiledSchema","line":270,"loc":{"start":{"line":270,"column":0},"end":{"line":270,"column":45}}},"41":{"name":"compileSchema","line":286,"loc":{"start":{"line":286,"column":2},"end":{"line":286,"column":40}}},"42":{"name":"(anonymous_42)","line":289,"loc":{"start":{"line":289,"column":14},"end":{"line":289,"column":29}}},"43":{"name":"build","line":381,"loc":{"start":{"line":381,"column":0},"end":{"line":381,"column":33}}},"44":{"name":"(anonymous_44)","line":388,"loc":{"start":{"line":388,"column":14},"end":{"line":388,"column":29}}},"45":{"name":"(anonymous_45)","line":392,"loc":{"start":{"line":392,"column":14},"end":{"line":392,"column":31}}}},"statementMap":{"1":{"start":{"line":6,"column":0},"end":{"line":6,"column":38}},"2":{"start":{"line":7,"column":0},"end":{"line":7,"column":20}},"3":{"start":{"line":8,"column":0},"end":{"line":8,"column":29}},"4":{"start":{"line":9,"column":0},"end":{"line":9,"column":20}},"5":{"start":{"line":11,"column":0},"end":{"line":16,"column":1}},"6":{"start":{"line":12,"column":2},"end":{"line":12,"column":47}},"7":{"start":{"line":14,"column":2},"end":{"line":15,"column":52}},"8":{"start":{"line":14,"column":47},"end":{"line":14,"column":108}},"9":{"start":{"line":15,"column":9},"end":{"line":15,"column":50}},"10":{"start":{"line":18,"column":0},"end":{"line":24,"column":1}},"11":{"start":{"line":19,"column":2},"end":{"line":19,"column":47}},"12":{"start":{"line":20,"column":2},"end":{"line":20,"column":42}},"13":{"start":{"line":21,"column":2},"end":{"line":21,"column":79}},"14":{"start":{"line":21,"column":45},"end":{"line":21,"column":77}},"15":{"start":{"line":22,"column":2},"end":{"line":22,"column":126}},"16":{"start":{"line":22,"column":44},"end":{"line":22,"column":124}},"17":{"start":{"line":23,"column":2},"end":{"line":23,"column":18}},"18":{"start":{"line":26,"column":0},"end":{"line":26,"column":65}},"19":{"start":{"line":26,"column":38},"end":{"line":26,"column":63}},"20":{"start":{"line":28,"column":0},"end":{"line":33,"column":1}},"21":{"start":{"line":29,"column":2},"end":{"line":29,"column":54}},"22":{"start":{"line":30,"column":2},"end":{"line":30,"column":84}},"23":{"start":{"line":31,"column":2},"end":{"line":32,"column":64}},"24":{"start":{"line":31,"column":43},"end":{"line":31,"column":62}},"25":{"start":{"line":32,"column":9},"end":{"line":32,"column":62}},"26":{"start":{"line":35,"column":0},"end":{"line":41,"column":1}},"27":{"start":{"line":36,"column":2},"end":{"line":39,"column":3}},"28":{"start":{"line":37,"column":4},"end":{"line":37,"column":52}},"29":{"start":{"line":38,"column":4},"end":{"line":38,"column":16}},"30":{"start":{"line":40,"column":2},"end":{"line":40,"column":42}},"31":{"start":{"line":43,"column":0},"end":{"line":45,"column":1}},"32":{"start":{"line":44,"column":2},"end":{"line":44,"column":54}},"33":{"start":{"line":47,"column":0},"end":{"line":57,"column":1}},"34":{"start":{"line":48,"column":2},"end":{"line":48,"column":24}},"35":{"start":{"line":50,"column":2},"end":{"line":54,"column":20}},"36":{"start":{"line":51,"column":4},"end":{"line":51,"column":33}},"37":{"start":{"line":52,"column":4},"end":{"line":52,"column":32}},"38":{"start":{"line":53,"column":4},"end":{"line":53,"column":8}},"39":{"start":{"line":56,"column":2},"end":{"line":56,"column":13}},"40":{"start":{"line":59,"column":0},"end":{"line":62,"column":1}},"41":{"start":{"line":60,"column":2},"end":{"line":60,"column":32}},"42":{"start":{"line":61,"column":2},"end":{"line":61,"column":34}},"43":{"start":{"line":64,"column":0},"end":{"line":68,"column":1}},"44":{"start":{"line":65,"column":2},"end":{"line":65,"column":49}},"45":{"start":{"line":66,"column":2},"end":{"line":66,"column":29}},"46":{"start":{"line":67,"column":2},"end":{"line":67,"column":74}},"47":{"start":{"line":70,"column":0},"end":{"line":75,"column":1}},"48":{"start":{"line":71,"column":2},"end":{"line":71,"column":32}},"49":{"start":{"line":72,"column":2},"end":{"line":72,"column":74}},"50":{"start":{"line":73,"column":2},"end":{"line":73,"column":24}},"51":{"start":{"line":74,"column":2},"end":{"line":74,"column":13}},"52":{"start":{"line":77,"column":0},"end":{"line":82,"column":1}},"53":{"start":{"line":78,"column":2},"end":{"line":78,"column":23}},"54":{"start":{"line":79,"column":2},"end":{"line":79,"column":29}},"55":{"start":{"line":80,"column":2},"end":{"line":80,"column":36}},"56":{"start":{"line":81,"column":2},"end":{"line":81,"column":24}},"57":{"start":{"line":84,"column":0},"end":{"line":90,"column":1}},"58":{"start":{"line":85,"column":2},"end":{"line":85,"column":32}},"59":{"start":{"line":86,"column":2},"end":{"line":86,"column":30}},"60":{"start":{"line":87,"column":2},"end":{"line":87,"column":61}},"61":{"start":{"line":88,"column":2},"end":{"line":88,"column":24}},"62":{"start":{"line":89,"column":2},"end":{"line":89,"column":14}},"63":{"start":{"line":92,"column":0},"end":{"line":106,"column":2}},"64":{"start":{"line":108,"column":0},"end":{"line":124,"column":1}},"65":{"start":{"line":109,"column":2},"end":{"line":123,"column":3}},"66":{"start":{"line":110,"column":20},"end":{"line":110,"column":112}},"67":{"start":{"line":111,"column":17},"end":{"line":111,"column":100}},"68":{"start":{"line":112,"column":18},"end":{"line":112,"column":102}},"69":{"start":{"line":113,"column":18},"end":{"line":113,"column":104}},"70":{"start":{"line":114,"column":19},"end":{"line":114,"column":106}},"71":{"start":{"line":115,"column":18},"end":{"line":115,"column":104}},"72":{"start":{"line":116,"column":19},"end":{"line":116,"column":106}},"73":{"start":{"line":117,"column":20},"end":{"line":117,"column":106}},"74":{"start":{"line":118,"column":20},"end":{"line":118,"column":107}},"75":{"start":{"line":119,"column":19},"end":{"line":119,"column":70}},"76":{"start":{"line":120,"column":20},"end":{"line":120,"column":72}},"77":{"start":{"line":121,"column":19},"end":{"line":121,"column":70}},"78":{"start":{"line":122,"column":19},"end":{"line":122,"column":70}},"79":{"start":{"line":126,"column":0},"end":{"line":126,"column":143}},"80":{"start":{"line":128,"column":0},"end":{"line":133,"column":2}},"81":{"start":{"line":129,"column":28},"end":{"line":129,"column":69}},"82":{"start":{"line":129,"column":70},"end":{"line":129,"column":109}},"83":{"start":{"line":130,"column":29},"end":{"line":130,"column":62}},"84":{"start":{"line":131,"column":28},"end":{"line":131,"column":60}},"85":{"start":{"line":132,"column":28},"end":{"line":132,"column":49}},"86":{"start":{"line":132,"column":50},"end":{"line":132,"column":89}},"87":{"start":{"line":135,"column":0},"end":{"line":138,"column":1}},"88":{"start":{"line":136,"column":2},"end":{"line":136,"column":29}},"89":{"start":{"line":136,"column":18},"end":{"line":136,"column":27}},"90":{"start":{"line":137,"column":2},"end":{"line":137,"column":55}},"91":{"start":{"line":140,"column":0},"end":{"line":142,"column":1}},"92":{"start":{"line":141,"column":2},"end":{"line":141,"column":60}},"93":{"start":{"line":144,"column":0},"end":{"line":148,"column":2}},"94":{"start":{"line":145,"column":2},"end":{"line":145,"column":31}},"95":{"start":{"line":147,"column":2},"end":{"line":147,"column":23}},"96":{"start":{"line":150,"column":0},"end":{"line":154,"column":2}},"97":{"start":{"line":151,"column":2},"end":{"line":151,"column":26}},"98":{"start":{"line":153,"column":2},"end":{"line":153,"column":25}},"99":{"start":{"line":156,"column":0},"end":{"line":156,"column":13}},"100":{"start":{"line":157,"column":0},"end":{"line":157,"column":30}},"101":{"start":{"line":158,"column":0},"end":{"line":158,"column":48}},"102":{"start":{"line":159,"column":0},"end":{"line":159,"column":42}},"103":{"start":{"line":160,"column":0},"end":{"line":160,"column":30}},"104":{"start":{"line":161,"column":0},"end":{"line":161,"column":28}},"105":{"start":{"line":162,"column":0},"end":{"line":162,"column":32}},"106":{"start":{"line":163,"column":0},"end":{"line":163,"column":30}},"107":{"start":{"line":164,"column":0},"end":{"line":164,"column":28}},"108":{"start":{"line":165,"column":0},"end":{"line":165,"column":30}},"109":{"start":{"line":166,"column":0},"end":{"line":166,"column":28}},"110":{"start":{"line":167,"column":0},"end":{"line":167,"column":30}},"111":{"start":{"line":168,"column":0},"end":{"line":168,"column":36}},"112":{"start":{"line":169,"column":0},"end":{"line":169,"column":19}},"113":{"start":{"line":171,"column":0},"end":{"line":177,"column":1}},"114":{"start":{"line":172,"column":2},"end":{"line":172,"column":45}},"115":{"start":{"line":173,"column":2},"end":{"line":173,"column":83}},"116":{"start":{"line":174,"column":2},"end":{"line":174,"column":22}},"117":{"start":{"line":176,"column":2},"end":{"line":176,"column":126}},"118":{"start":{"line":179,"column":0},"end":{"line":181,"column":1}},"119":{"start":{"line":180,"column":2},"end":{"line":180,"column":66}},"120":{"start":{"line":183,"column":0},"end":{"line":185,"column":1}},"121":{"start":{"line":184,"column":2},"end":{"line":184,"column":59}},"122":{"start":{"line":187,"column":0},"end":{"line":189,"column":1}},"123":{"start":{"line":188,"column":2},"end":{"line":188,"column":58}},"124":{"start":{"line":191,"column":0},"end":{"line":193,"column":1}},"125":{"start":{"line":192,"column":2},"end":{"line":192,"column":97}},"126":{"start":{"line":195,"column":0},"end":{"line":197,"column":1}},"127":{"start":{"line":196,"column":2},"end":{"line":196,"column":64}},"128":{"start":{"line":199,"column":0},"end":{"line":207,"column":1}},"129":{"start":{"line":200,"column":2},"end":{"line":200,"column":40}},"130":{"start":{"line":201,"column":2},"end":{"line":201,"column":51}},"131":{"start":{"line":202,"column":2},"end":{"line":202,"column":46}},"132":{"start":{"line":204,"column":2},"end":{"line":204,"column":94}},"133":{"start":{"line":205,"column":2},"end":{"line":205,"column":105}},"134":{"start":{"line":206,"column":2},"end":{"line":206,"column":100}},"135":{"start":{"line":209,"column":0},"end":{"line":213,"column":1}},"136":{"start":{"line":210,"column":2},"end":{"line":212,"column":166}},"137":{"start":{"line":210,"column":35},"end":{"line":210,"column":106}},"138":{"start":{"line":211,"column":7},"end":{"line":212,"column":166}},"139":{"start":{"line":211,"column":48},"end":{"line":211,"column":161}},"140":{"start":{"line":212,"column":7},"end":{"line":212,"column":166}},"141":{"start":{"line":212,"column":48},"end":{"line":212,"column":164}},"142":{"start":{"line":215,"column":0},"end":{"line":218,"column":1}},"143":{"start":{"line":216,"column":2},"end":{"line":216,"column":82}},"144":{"start":{"line":217,"column":2},"end":{"line":217,"column":131}},"145":{"start":{"line":220,"column":0},"end":{"line":223,"column":1}},"146":{"start":{"line":221,"column":2},"end":{"line":221,"column":77}},"147":{"start":{"line":222,"column":2},"end":{"line":222,"column":83}},"148":{"start":{"line":225,"column":0},"end":{"line":228,"column":1}},"149":{"start":{"line":226,"column":2},"end":{"line":226,"column":113}},"150":{"start":{"line":227,"column":2},"end":{"line":227,"column":130}},"151":{"start":{"line":230,"column":0},"end":{"line":248,"column":1}},"152":{"start":{"line":231,"column":2},"end":{"line":231,"column":40}},"153":{"start":{"line":233,"column":2},"end":{"line":247,"column":3}},"154":{"start":{"line":234,"column":20},"end":{"line":234,"column":66}},"155":{"start":{"line":235,"column":17},"end":{"line":235,"column":71}},"156":{"start":{"line":236,"column":18},"end":{"line":236,"column":69}},"157":{"start":{"line":237,"column":18},"end":{"line":237,"column":77}},"158":{"start":{"line":238,"column":19},"end":{"line":238,"column":73}},"159":{"start":{"line":239,"column":18},"end":{"line":239,"column":85}},"160":{"start":{"line":240,"column":19},"end":{"line":240,"column":77}},"161":{"start":{"line":241,"column":20},"end":{"line":241,"column":85}},"162":{"start":{"line":242,"column":20},"end":{"line":242,"column":101}},"163":{"start":{"line":243,"column":19},"end":{"line":243,"column":64}},"164":{"start":{"line":244,"column":20},"end":{"line":244,"column":79}},"165":{"start":{"line":245,"column":19},"end":{"line":245,"column":87}},"166":{"start":{"line":246,"column":19},"end":{"line":246,"column":52}},"167":{"start":{"line":250,"column":0},"end":{"line":253,"column":1}},"168":{"start":{"line":251,"column":2},"end":{"line":251,"column":34}},"169":{"start":{"line":252,"column":2},"end":{"line":252,"column":104}},"170":{"start":{"line":255,"column":0},"end":{"line":257,"column":1}},"171":{"start":{"line":256,"column":2},"end":{"line":256,"column":61}},"172":{"start":{"line":259,"column":0},"end":{"line":264,"column":1}},"173":{"start":{"line":260,"column":2},"end":{"line":260,"column":63}},"174":{"start":{"line":262,"column":2},"end":{"line":263,"column":92}},"175":{"start":{"line":262,"column":20},"end":{"line":262,"column":74}},"176":{"start":{"line":263,"column":9},"end":{"line":263,"column":90}},"177":{"start":{"line":266,"column":0},"end":{"line":268,"column":1}},"178":{"start":{"line":267,"column":2},"end":{"line":267,"column":86}},"179":{"start":{"line":270,"column":0},"end":{"line":379,"column":1}},"180":{"start":{"line":271,"column":2},"end":{"line":271,"column":46}},"181":{"start":{"line":272,"column":2},"end":{"line":272,"column":59}},"182":{"start":{"line":273,"column":2},"end":{"line":273,"column":24}},"183":{"start":{"line":274,"column":2},"end":{"line":274,"column":42}},"184":{"start":{"line":275,"column":2},"end":{"line":275,"column":16}},"185":{"start":{"line":277,"column":2},"end":{"line":277,"column":28}},"186":{"start":{"line":278,"column":2},"end":{"line":278,"column":28}},"187":{"start":{"line":279,"column":2},"end":{"line":279,"column":31}},"188":{"start":{"line":280,"column":2},"end":{"line":280,"column":24}},"189":{"start":{"line":281,"column":2},"end":{"line":281,"column":24}},"190":{"start":{"line":282,"column":2},"end":{"line":282,"column":27}},"191":{"start":{"line":284,"column":2},"end":{"line":284,"column":27}},"192":{"start":{"line":286,"column":2},"end":{"line":367,"column":3}},"193":{"start":{"line":287,"column":4},"end":{"line":287,"column":12}},"194":{"start":{"line":288,"column":4},"end":{"line":288,"column":33}},"195":{"start":{"line":289,"column":4},"end":{"line":289,"column":71}},"196":{"start":{"line":289,"column":31},"end":{"line":289,"column":67}},"197":{"start":{"line":291,"column":4},"end":{"line":291,"column":23}},"198":{"start":{"line":293,"column":4},"end":{"line":366,"column":5}},"199":{"start":{"line":294,"column":6},"end":{"line":294,"column":24}},"200":{"start":{"line":295,"column":6},"end":{"line":295,"column":26}},"201":{"start":{"line":297,"column":6},"end":{"line":297,"column":34}},"202":{"start":{"line":297,"column":21},"end":{"line":297,"column":32}},"203":{"start":{"line":299,"column":6},"end":{"line":299,"column":65}},"204":{"start":{"line":300,"column":6},"end":{"line":300,"column":62}},"205":{"start":{"line":301,"column":6},"end":{"line":301,"column":57}},"206":{"start":{"line":303,"column":6},"end":{"line":307,"column":7}},"207":{"start":{"line":304,"column":8},"end":{"line":304,"column":32}},"208":{"start":{"line":305,"column":8},"end":{"line":305,"column":32}},"209":{"start":{"line":306,"column":8},"end":{"line":306,"column":35}},"210":{"start":{"line":309,"column":6},"end":{"line":365,"column":7}},"211":{"start":{"line":310,"column":8},"end":{"line":310,"column":30}},"212":{"start":{"line":311,"column":8},"end":{"line":311,"column":70}},"213":{"start":{"line":312,"column":8},"end":{"line":312,"column":41}},"214":{"start":{"line":314,"column":8},"end":{"line":317,"column":9}},"215":{"start":{"line":315,"column":10},"end":{"line":315,"column":68}},"216":{"start":{"line":316,"column":10},"end":{"line":316,"column":75}},"217":{"start":{"line":319,"column":8},"end":{"line":319,"column":54}},"218":{"start":{"line":320,"column":8},"end":{"line":320,"column":58}},"219":{"start":{"line":321,"column":8},"end":{"line":321,"column":61}},"220":{"start":{"line":323,"column":8},"end":{"line":323,"column":123}},"221":{"start":{"line":325,"column":8},"end":{"line":325,"column":33}},"222":{"start":{"line":327,"column":8},"end":{"line":327,"column":128}},"223":{"start":{"line":328,"column":8},"end":{"line":328,"column":139}},"224":{"start":{"line":329,"column":8},"end":{"line":329,"column":138}},"225":{"start":{"line":331,"column":8},"end":{"line":335,"column":9}},"226":{"start":{"line":332,"column":10},"end":{"line":332,"column":44}},"227":{"start":{"line":332,"column":45},"end":{"line":332,"column":63}},"228":{"start":{"line":333,"column":10},"end":{"line":333,"column":44}},"229":{"start":{"line":333,"column":45},"end":{"line":333,"column":63}},"230":{"start":{"line":334,"column":10},"end":{"line":334,"column":42}},"231":{"start":{"line":334,"column":43},"end":{"line":334,"column":64}},"232":{"start":{"line":336,"column":13},"end":{"line":365,"column":7}},"233":{"start":{"line":337,"column":8},"end":{"line":337,"column":30}},"234":{"start":{"line":339,"column":8},"end":{"line":342,"column":9}},"235":{"start":{"line":340,"column":10},"end":{"line":340,"column":68}},"236":{"start":{"line":341,"column":10},"end":{"line":341,"column":75}},"237":{"start":{"line":344,"column":8},"end":{"line":344,"column":123}},"238":{"start":{"line":346,"column":8},"end":{"line":346,"column":34}},"239":{"start":{"line":348,"column":8},"end":{"line":348,"column":52}},"240":{"start":{"line":349,"column":8},"end":{"line":349,"column":40}},"241":{"start":{"line":350,"column":8},"end":{"line":350,"column":29}},"242":{"start":{"line":352,"column":8},"end":{"line":352,"column":50}},"243":{"start":{"line":353,"column":8},"end":{"line":353,"column":85}},"244":{"start":{"line":353,"column":23},"end":{"line":353,"column":83}},"245":{"start":{"line":355,"column":8},"end":{"line":355,"column":99}},"246":{"start":{"line":356,"column":8},"end":{"line":356,"column":89}},"247":{"start":{"line":357,"column":8},"end":{"line":357,"column":99}},"248":{"start":{"line":359,"column":8},"end":{"line":359,"column":52}},"249":{"start":{"line":359,"column":41},"end":{"line":359,"column":50}},"250":{"start":{"line":361,"column":8},"end":{"line":361,"column":63}},"251":{"start":{"line":362,"column":8},"end":{"line":362,"column":76}},"252":{"start":{"line":363,"column":8},"end":{"line":363,"column":66}},"253":{"start":{"line":364,"column":8},"end":{"line":364,"column":65}},"254":{"start":{"line":369,"column":2},"end":{"line":369,"column":31}},"255":{"start":{"line":371,"column":2},"end":{"line":371,"column":91}},"256":{"start":{"line":372,"column":2},"end":{"line":372,"column":98}},"257":{"start":{"line":373,"column":2},"end":{"line":373,"column":68}},"258":{"start":{"line":375,"column":2},"end":{"line":375,"column":70}},"259":{"start":{"line":376,"column":2},"end":{"line":376,"column":72}},"260":{"start":{"line":378,"column":2},"end":{"line":378,"column":44}},"261":{"start":{"line":381,"column":0},"end":{"line":397,"column":1}},"262":{"start":{"line":382,"column":2},"end":{"line":382,"column":101}},"263":{"start":{"line":384,"column":2},"end":{"line":384,"column":38}},"264":{"start":{"line":385,"column":2},"end":{"line":385,"column":38}},"265":{"start":{"line":387,"column":2},"end":{"line":396,"column":3}},"266":{"start":{"line":389,"column":6},"end":{"line":389,"column":38}},"267":{"start":{"line":390,"column":6},"end":{"line":390,"column":46}},"268":{"start":{"line":393,"column":6},"end":{"line":393,"column":80}},"269":{"start":{"line":394,"column":6},"end":{"line":394,"column":48}},"270":{"start":{"line":399,"column":0},"end":{"line":399,"column":32}},"271":{"start":{"line":401,"column":0},"end":{"line":406,"column":2}}},"branchMap":{"1":{"line":14,"type":"if","locations":[{"start":{"line":14,"column":2},"end":{"line":14,"column":2}},{"start":{"line":14,"column":2},"end":{"line":14,"column":2}}]},"2":{"line":21,"type":"if","locations":[{"start":{"line":21,"column":2},"end":{"line":21,"column":2}},{"start":{"line":21,"column":2},"end":{"line":21,"column":2}}]},"3":{"line":22,"type":"if","locations":[{"start":{"line":22,"column":2},"end":{"line":22,"column":2}},{"start":{"line":22,"column":2},"end":{"line":22,"column":2}}]},"4":{"line":31,"type":"if","locations":[{"start":{"line":31,"column":2},"end":{"line":31,"column":2}},{"start":{"line":31,"column":2},"end":{"line":31,"column":2}}]},"5":{"line":65,"type":"binary-expr","locations":[{"start":{"line":65,"column":30},"end":{"line":65,"column":33}},{"start":{"line":65,"column":37},"end":{"line":65,"column":39}}]},"6":{"line":67,"type":"binary-expr","locations":[{"start":{"line":67,"column":34},"end":{"line":67,"column":37}},{"start":{"line":67,"column":41},"end":{"line":67,"column":43}}]},"7":{"line":109,"type":"switch","locations":[{"start":{"line":110,"column":4},"end":{"line":110,"column":112}},{"start":{"line":111,"column":4},"end":{"line":111,"column":100}},{"start":{"line":112,"column":4},"end":{"line":112,"column":102}},{"start":{"line":113,"column":4},"end":{"line":113,"column":104}},{"start":{"line":114,"column":4},"end":{"line":114,"column":106}},{"start":{"line":115,"column":4},"end":{"line":115,"column":104}},{"start":{"line":116,"column":4},"end":{"line":116,"column":106}},{"start":{"line":117,"column":4},"end":{"line":117,"column":106}},{"start":{"line":118,"column":4},"end":{"line":118,"column":107}},{"start":{"line":119,"column":4},"end":{"line":119,"column":70}},{"start":{"line":120,"column":4},"end":{"line":120,"column":72}},{"start":{"line":121,"column":4},"end":{"line":121,"column":70}},{"start":{"line":122,"column":4},"end":{"line":122,"column":70}}]},"8":{"line":136,"type":"if","locations":[{"start":{"line":136,"column":2},"end":{"line":136,"column":2}},{"start":{"line":136,"column":2},"end":{"line":136,"column":2}}]},"9":{"line":144,"type":"cond-expr","locations":[{"start":{"line":144,"column":39},"end":{"line":146,"column":1}},{"start":{"line":146,"column":4},"end":{"line":148,"column":1}}]},"10":{"line":150,"type":"cond-expr","locations":[{"start":{"line":150,"column":31},"end":{"line":152,"column":1}},{"start":{"line":152,"column":4},"end":{"line":154,"column":1}}]},"11":{"line":172,"type":"cond-expr","locations":[{"start":{"line":172,"column":30},"end":{"line":172,"column":32}},{"start":{"line":172,"column":35},"end":{"line":172,"column":44}}]},"12":{"line":173,"type":"cond-expr","locations":[{"start"
[...]
rror(\"Underlying type does not exist. Typo?\"); }","  else { aliasTypes[newTypeName] = underlyingType; }","}","","function getDataType(val) {","  var everyType = Object.keys(readTypeDictStr);","  var dataType = val.trim().toLowerCase();","  if (aliasTypes.hasOwnProperty(dataType)) { dataType = aliasTypes[dataType]; }","  if (everyType.indexOf(dataType) === -1) { throw new TypeError(\"Invalid data type for schema: \" + val + \" -> \" + dataType); }","  return dataType;","}","","function setValidateByDefault(flag) { validateByDefault = flag; }","","function setStringEncoding(stringEncoding) {","  var requested = stringEncoding.trim().toLowerCase();","  var available = [ 'ascii', 'utf8', 'utf16le', 'ucs2', 'base64', 'binary', 'hex' ];","  if (available.indexOf(requested) > -1) { strEnc = requested; }","  else { throw new TypeError(\"String encoding not available\"); }","}","","function writeVarUInt(value, wBuffer) {","  while (value > 127) {","    wBuffer[bag.byteOffset++] = (value & 127) | 128;","    value >>= 7;","  }","  wBuffer[bag.byteOffset++] = value & 127;","}","","function writeVarInt(value, wBuffer) {","  writeVarUInt((value << 1) ^ (value >> 31), wBuffer);","}","","function readVarUInt(buffer) {","  var val = 0, i = 0, b;","","  do {","    b = buffer[bag.byteOffset++];","    val |= (b & 127) << (7 * i);","    i++;","  } while (b & 128);","","  return val;","}","","function readVarInt(buffer) {","  var val = readVarUInt(buffer);","  return (val >>> 1) ^ -(val & 1);","}","","function writeString(val, wBuffer) {","  var len = Buffer.byteLength(val || '', strEnc);","  writeVarUInt(len, wBuffer);","  bag.byteOffset += wBuffer.write(val || '', bag.byteOffset, len, strEnc);","}","","function readString(buffer) {","  var len = readVarUInt(buffer);","  var str = buffer.toString(strEnc, bag.byteOffset, bag.byteOffset + len);","  bag.byteOffset += len;","  return str;","}","","function writeBuffer(val, wBuffer) {","  var len = val.length;","  writeVarUInt(len, wBuffer);","  val.copy(wBuffer, bag.byteOffset);","  bag.byteOffset += len;","}","","function readBuffer(buffer) {","  var len = readVarUInt(buffer);","  var buff = allocUnsafe(len);","  buffer.copy(buff, 0, bag.byteOffset, bag.byteOffset + len);","  bag.byteOffset += len;","  return buff;","}","","var readTypeDictStr = {","  \"boolean\": \"!!buffer.readUInt8(bag.byteOffset, true); bag.byteOffset += 1;\",","  \"int8\": \"buffer.readInt8(bag.byteOffset, true); bag.byteOffset += 1;\",","  \"uint8\": \"buffer.readUInt8(bag.byteOffset, true); bag.byteOffset += 1;\",","  \"int16\": \"buffer.readInt16BE(bag.byteOffset, true); bag.byteOffset += 2;\",","  \"uint16\": \"buffer.readUInt16BE(bag.byteOffset, true); bag.byteOffset += 2;\",","  \"int32\": \"buffer.readInt32BE(bag.byteOffset, true); bag.byteOffset += 4;\",","  \"uint32\": \"buffer.readUInt32BE(bag.byteOffset, true); bag.byteOffset += 4;\",","  \"float32\": \"buffer.readFloatBE(bag.byteOffset, true); bag.byteOffset += 4;\",","  \"float64\": \"buffer.readDoubleBE(bag.byteOffset, true); bag.byteOffset += 8;\",","  \"string\": \"bag.readString(buffer);\",","  \"varuint\": \"bag.readVarUInt(buffer);\",","  \"varint\": \"bag.readVarInt(buffer);\",","  \"buffer\": \"bag.readBuffer(buffer);\"","};","","function getWriteTypeDictStr(dataType, valStr) {","  switch (dataType) {","    case \"boolean\": return \"bag.byteOffset = wBuffer.writeUInt8(\" + valStr + \" ? 1 : 0, bag.byteOffset, true);\";","    case \"int8\": return \"bag.byteOffset = wBuffer.writeInt8(\" + valStr + \", bag.byteOffset, true);\";","    case \"uint8\": return \"bag.byteOffset = wBuffer.writeUInt8(\" + valStr + \", bag.byteOffset, true);\";","    case \"int16\": return \"bag.byteOffset = wBuffer.writeInt16BE(\" + valStr + \", bag.byteOffset, true);\";","    case \"uint16\": return \"bag.byteOffset = wBuffer.writeUInt16BE(\" + valStr + \", bag.byteOffset, true);\";","    case \"int32\": return \"bag.byteOffset = wBuffer.writeInt32BE(\" + valStr + \", bag.byteOffset, true);\";","    case \"uint32\": return \"bag.byteOffset = wBuffer.writeUInt32BE(\" + valStr + \", bag.byteOffset, true);\";","    case \"float32\": return \"bag.byteOffset = wBuffer.writeFloatBE(\" + valStr + \", bag.byteOffset, true);\";","    case \"float64\": return \"bag.byteOffset = wBuffer.writeDoubleBE(\" + valStr + \", bag.byteOffset, true);\";","    case \"string\": return \"bag.writeString(\" + valStr + \", wBuffer);\";","    case \"varuint\": return \"bag.writeVarUInt(\" + valStr + \", wBuffer);\";","    case \"varint\": return \"bag.writeVarInt(\" + valStr + \", wBuffer);\";","    case \"buffer\": return \"bag.writeBuffer(\" + valStr + \", wBuffer);\";","  }","}","","var constantByteCounts = { \"boolean\": 1, \"int8\": 1, \"uint8\": 1, \"int16\": 2, \"uint16\": 2, \"int32\": 4, \"uint32\": 4, \"float32\": 4, \"float64\": 8 };","","var dynamicByteCounts = {","  \"string\": function(val) { var len = Buffer.byteLength(val, strEnc); return getVarUIntByteLength(len) + len; },","  \"varuint\": function(val) { return getVarUIntByteLength(val); },","  \"varint\": function(val) { return getVarIntByteLength(val); },","  \"buffer\": function(val) { var len = val.length; return getVarUIntByteLength(len) + len; }","};","","function getVarUIntByteLength(val) {","  if (val <= 0) { return 1; }","  return Math.floor(Math.log(val) / Math.log(128)) + 1;","}","","function getVarIntByteLength(value) {","  return getVarUIntByteLength((value << 1) ^ (value >> 31));","}","","var allocUnsafe = Buffer.allocUnsafe ? function(n) {","  return Buffer.allocUnsafe(n);","} : function(n) {","  return new Buffer(n);","};","","var bufferFrom = Buffer.from ? function(buf) {","  return Buffer.from(buf);","} : function(buf) {","  return new Buffer(buf);","};","","var bag = {};","bag.allocUnsafe = allocUnsafe;","bag.getVarUIntByteLength = getVarUIntByteLength;","bag.dynamicByteCounts = dynamicByteCounts;","bag.readVarUInt = readVarUInt;","bag.readVarInt = readVarInt;","bag.writeVarUInt = writeVarUInt;","bag.writeVarInt = writeVarInt;","bag.readString = readString;","bag.writeString = writeString;","bag.readBuffer = readBuffer;","bag.writeBuffer = writeBuffer;","bag.throwTypeError = throwTypeError;","bag.byteOffset = 0;","","function processArrayEnd(val, id, commands, stackLen, arrLenStr) {","  var repID = stackLen <= 1 ? id : id + \"xn\";","  var outerBound = arrLenStr === undefined ? \"ref\" + repID + \".length\" : arrLenStr;","  var jStr = \"j\" + id;","","  return \"for (var \" + jStr + \"=\" + (val.length - 1) + \";\" + jStr + \"<\" + outerBound + \";\" + jStr + \"++) { \" + commands + \"}\";","}","","function getArrayLengthByteCount(id) {","  return \"byteC+=bag.getVarUIntByteLength(ref\" + id + \".length);\";","}","","function encodeArrayLength(id) {","  return \"bag.writeVarUInt(ref\" + id + \".length,wBuffer);\";","}","","function decodeArrayLength(arrLenStr) {","  return \"var \" + arrLenStr + \"=bag.readVarUInt(buffer);\";","}","","function declareDecodeRef(id, parentID, prop, container) {","  return \"var ref\" + id + \"=\" + container + \"; ref\" + parentID + \"[\" + prop + \"]=ref\" + id + \";\";","}","","function declareEncodeRef(id, parentID, prop) {","  return \"var ref\" + id + \"=ref\" + parentID + \"[\" + prop + \"];\";","}","","function declareRepeatRefs(repItem, id, parentID, prop, container, repEncArrStack, repDecArrStack, repByteCountStack) {","  var repID = getXN(repEncArrStack, id);","  var parentIDXN = getXN(repEncArrStack, parentID);","  var index = repItem ? \"j\" + parentID : prop;","","  repEncArrStack[repEncArrStack.length - 1] += declareEncodeRef(id + \"xn\", parentIDXN, index);","  repDecArrStack[repDecArrStack.length - 1] += declareDecodeRef(id + \"xn\", parentIDXN, index, container);","  repByteCountStack[repByteCountStack.length - 1] += declareEncodeRef(id + \"xn\", parentIDXN, index);;","}","","function throwTypeError(valStr, typeStr, min, max, schemaType) {","  if (typeof valStr !== typeStr) { throw new TypeError(valStr + \" does not match the type of \" + typeStr); }","  else if (min !== undefined && valStr < min) { throw new TypeError(valStr + \" is less than minimum allowed value of \" + min + \" for schema type \" + schemaType); }","  else if (max !== undefined && valStr > max) { throw new TypeError(valStr + \" is greater than maximum allowed value of \" + max + \" for schema type \" + schemaType); }","}","","function getCheckBufferStr(valStr) {","  var throwMessage = \"bag.throwTypeError(\" + valStr + \",'Buffer or Uint8Array');\";","  return \"if (\" + valStr + \" instanceof Uint8Array === false && \" + valStr + \" instanceof Buffer === false){\" + throwMessage + \"}\";","}","","function getCheckDataTypeStr(valStr, typeStr) {","  var throwMessage = \"bag.throwTypeError(\" + valStr + \",'\" + typeStr + \"');\";","  return \"if (typeof(\" + valStr + \") !== '\" + typeStr + \"'){\" + throwMessage + \"}\";","}","","function getBoundsCheckStr(valStr, min, max, schemaType) {","  var throwMessage = \"bag.throwTypeError(\" + valStr + \",'number',\" + min + \",\" + max + \",'\" + schemaType + \"');\";","  return \"if (typeof(\" + valStr + \") !== 'number'||\" + valStr + \"<\" + min + \"||\" + valStr + \">\" + max + \"){\" + throwMessage + \"}\";","}","","function validateDataType(dataType, valStr) {","  var maxFloat = 3.4028234663852886e+38;","","  switch (dataType) {","    case \"boolean\": return getCheckDataTypeStr(valStr, \"boolean\");","    case \"int8\": return getBoundsCheckStr(valStr, -0x80, 0x7f, \"int8\");","    case \"uint8\": return getBoundsCheckStr(valStr, 0, 0xff, \"uint8\");","    case \"int16\": return getBoundsCheckStr(valStr, -0x8000, 0x7fff, \"int16\");","    case \"uint16\": return getBoundsCheckStr(valStr, 0, 0xffff, \"uint16\");","    case \"int32\": return getBoundsCheckStr(valStr, -0x80000000, 0x7fffffff, \"int32\");","    case \"uint32\": return getBoundsCheckStr(valStr, 0, 0xffffffff, \"uint32\");","    case \"float32\": return getBoundsCheckStr(valStr, -maxFloat, maxFloat, \"float32\");","    case \"float64\": return getBoundsCheckStr(valStr, -Number.MAX_VALUE, Number.MAX_VALUE, \"float64\");","    case \"string\": return getCheckDataTypeStr(valStr, \"string\");","    case \"varuint\": return getBoundsCheckStr(valStr, 0, 0x7fffffff, \"varuint\");","    case \"varint\": return getBoundsCheckStr(valStr, -0x40000000, 0x3fffffff, \"varint\");","    case \"buffer\": return getCheckBufferStr(valStr);","  }","}","","function encodeValue(dataType, id, prop, validate) {","  var varName = \"ref\" + id + prop;","  return (validate ? validateDataType(dataType, varName) : \"\") + getWriteTypeDictStr(dataType, varName);","}","","function decodeValue(dataType, id, prop) {","  return \"ref\" + id + prop + \"=\" + readTypeDictStr[dataType];","}","","function encodeByteCount(dataType, id, prop) {","  var isConstant = constantByteCounts.hasOwnProperty(dataType);","","  if (isConstant) { return \"byteC+=\" + constantByteCounts[dataType] + \";\"; }","  else { return \"byteC+=bag.dynamicByteCounts['\" + dataType + \"'](ref\" + id + prop + \");\"; }","}","","function getXN(aStack, id) {","  return aStack.length <= 2 && aStack[aStack.length - 1].length <= 0 ? id : id + \"xn\";","}","","function getCompiledSchema(schema, validate) {","  var strEncodeFunction = \"bag.byteOffset=0;\";","  var strDecodeFunction = \"var ref1={}; bag.byteOffset=0;\";","  var strByteCount = \"\";","  var strEncodeRefDecs = \"var ref1=json;\";","  var incID = 0;","","  var repEncArrStack = [\"\"];","  var repDecArrStack = [\"\"];","  var repByteCountStack = [\"\"];","  var tmpRepEncArr = \"\";","  var tmpRepDecArr = \"\";","  var tmpRepByteCount = \"\";","","  schema = { 'a': schema };","","  function compileSchema(json, inArray) {","    incID++;","    var keys = Object.keys(json);","    keys.sort(function(a, b) { return a < b ? -1 : (a > b ? 1 : 0); });","","    var saveID = incID;","","    for (var i = 0; i < keys.length; i++) {","      var key = keys[i];","      var val = json[key];","","      if (inArray) { key = +key; }","","      var prop = typeof key === \"number\" ? key : \"'\" + key + \"'\";","      var container = val.constructor === Array ? \"[]\" : \"{}\";","      var isRepArrItem = inArray && i >= keys.length - 1;","","      if (isRepArrItem) {","        repEncArrStack.push(\"\");","        repDecArrStack.push(\"\");","        repByteCountStack.push(\"\");","      }","","      if (val.constructor === Array) {","        var newID = incID + 1;","        var repID = repEncArrStack.length <= 1 ? newID : newID + \"xn\";","        var arrLenStr = \"arrLen\" + incID;","","        if (repEncArrStack.length === 1) {","          strEncodeRefDecs += declareEncodeRef(newID, saveID, prop);","          strDecodeFunction += declareDecodeRef(newID, saveID, prop, \"[]\");","        }","","        var encArrayLength = encodeArrayLength(repID);","        var decArrayLength = decodeArrayLength(arrLenStr);","        var byteArrayLength = getArrayLengthByteCount(repID);","","        declareRepeatRefs(isRepArrItem, newID, saveID, prop, container, repEncArrStack, repDecArrStack, repByteCountStack);","","        compileSchema(val, true);","","        tmpRepEncArr = encArrayLength + processArrayEnd(val, newID, repEncArrStack.pop() + tmpRepEncArr, repEncArrStack.length);","        tmpRepDecArr = decArrayLength + processArrayEnd(val, newID, repDecArrStack.pop() + tmpRepDecArr, repEncArrStack.length, arrLenStr);","        tmpRepByteCount = byteArrayLength + processArrayEnd(val, newID, repByteCountStack.pop() + tmpRepByteCount, repEncArrStack.length);","","        if (repEncArrStack.length === 1) {","          strEncodeFunction += tmpRepEncArr; tmpRepEncArr = \"\";","          strDecodeFunction += tmpRepDecArr; tmpRepDecArr = \"\";","          strByteCount += tmpRepByteCount; tmpRepByteCount = \"\";","        }","      } else if (typeof val === 'object') {","        var newID = incID + 1;","","        if (repEncArrStack.length === 1) {","          strEncodeRefDecs += declareEncodeRef(newID, saveID, prop);","          strDecodeFunction += declareDecodeRef(newID, saveID, prop, \"{}\");","        }","","        declareRepeatRefs(isRepArrItem, newID, saveID, prop, container, repEncArrStack, repDecArrStack, repByteCountStack);","","        compileSchema(val, false);","      } else {","        var index = inArray ? \"\" : \"[\" + prop + \"]\";","        var dataType = getDataType(val);","        json[key] = dataType;","","        var repID = getXN(repEncArrStack, saveID);","        if (inArray) { repID += isRepArrItem ? \"[j\" + saveID + \"]\" : \"[\" + i + \"]\"; }","","        repEncArrStack[repEncArrStack.length - 1] += encodeValue(dataType, repID, index, validate);","        repDecArrStack[repDecArrStack.length - 1] += decodeValue(dataType, repID, index);","        repByteCountStack[repByteCountStack.length - 1] += encodeByteCount(dataType, repID, index);","","        if (repEncArrStack.length > 1) { continue; }","","        var uniqID = inArray ? saveID + \"[\" + i + \"]\" : saveID;","        strEncodeFunction += encodeValue(dataType, uniqID, index, validate);","        strDecodeFunction += decodeValue(dataType, uniqID, index);","        strByteCount += encodeByteCount(dataType, uniqID, index);","      }","    }","  }","","  compileSchema(schema, false);","","  strByteCount = \"var byteC=0;\".concat(strByteCount, \"var wBuffer=bag.allocUnsafe(byteC);\")","  strEncodeFunction = strEncodeRefDecs.concat(strByteCount, strEncodeFunction, \"return wBuffer;\");","  strDecodeFunction = strDecodeFunction.concat(\"return ref1['a'];\");","","  var compiledEncode = new Function('json', 'bag', strEncodeFunction);","  var compiledDecode = new Function('buffer', 'bag', strDecodeFunction);","","  return [ compiledEncode, compiledDecode ];","}","","function build(schema, validate) {","  var builtSchema = getCompiledSchema(schema, validate === undefined ? validateByDefault : validate);","","  var compiledEncode = builtSchema[0];","  var compiledDecode = builtSchema[1];","","  return {","    \"encode\": function(json) {","      var itemWrapper = { \"a\": json };","      return compiledEncode(itemWrapper, bag);","    },","    \"decode\": function(buffer) {","      var bufferWrapper = Buffer.isBuffer(buffer) ? buffer : bufferFrom(buffer);","      return compiledDecode(bufferWrapper, bag);","    }","  }","}","","addTypeAlias('bool', 'boolean');","","module.exports = exports = {","  \"build\": build,","  \"addTypeAlias\": addTypeAlias,","  \"setStringEncoding\": setStringEncoding,","  \"setValidateByDefault\": setValidateByDefault","};",""],"l":{"6":1,"7":1,"8":1,"9":1,"11":1,"12":1,"14":1,"15":1,"18":1,"19":6,"20":6,"21":6,"22":6,"23":6,"26":1,"28":1,"29":0,"30":0,"31":0,"32":0,"35":1,"36":2,"37":1,"38":1,"40":2,"43":1,"44":0,"47":1,"48":2,"50":2,"51":3,"52":3,"53":3,"56":2,"59":1,"60":0,"61":0,"64":1,"65":0,"66":0,"67":0,"70":1,"71":0,"72":0,"73":0,"74":0,"77":1,"78":0,"79":0,"80":0,"81":0,"84":1,"85":0,"86":0,"87":0,"88":0,"89":0,"92":1,"108":1,"109":11,"110":2,"111":0,"112":6,"113":1,"114":0,"115":0,"116":0,"117":0,"118":0,"119":0,"120":2,"121":0,"122":0,"126":1,"128":1,"129":0,"130":1,"131":0,"132":0,"135":1,"136":2,"137":2,"140":1,"141":0,"144":1,"145":1,"147":0,"150":1,"151":0,"153":0,"156":1,"157":1,"158":1,"159":1,"160":1,"161":1,"162":1,"163":1,"164":1,"165":1,"166":1,"167":1,"168":1,"169":1,"171":1,"172":3,"173":3,"174":3,"176":3,"179":1,"180":1,"183":1,"184":1,"187":1,"188":1,"191":1,"192":6,"195":1,"196":9,"199":1,"200":3,"201":3,"202":3,"204":3,"205":3,"206":3,"209":1,"210":0,"211":0,"212":0,"215":1,"216":0,"217":0,"220":1,"221":2,"222":2,"225":1,"226":9,"227":9,"230":1,"231":11,"233":11,"234":2,"235":0,"236":6,"237":1,"238":0,"239":0,"240":0,"241":0,"242":0,"243":0,"244":2,"245":0,"246":0,"250":1,"251":11,"252":11,"255":1,"256":11,"259":1,"260":11,"262":11,"263":2,"266":1,"267":12,"270":1,"271":1,"272":1,"273":1,"274":1,"275":1,"277":1,"278":1,"279":1,"280":1,"281":1,"282":1,"284":1,"286":1,"287":4,"288":4,"289":8,"291":4,"293":4,"294":9,"295":9,"297":9,"299":9,"300":9,"301":9,"303":9,"304":1,"305":1,"306":1,"309":9,"310":1,"311":1,"312":1,"314":1,"315":1,"316":1,"319":1,"320":1,"321":1,"323":1,"325":1,"327":1,"328":1,"329":1,"331":1,"332":1,"333":1,"334":1,"336":8,"337":2,"339":2,"340":2,"341":2,"344":2,"346":2,"348":6,"349":6,"350":6,"352":6,"353":6,"355":6,"356":6,"357":6,"359":6,"361":5,"362":5,"363":5,"364":5,"369":1,"371":1,"372":1,"373":1,"375":1,"376":1,"378":1,"381":1,"382":1,"384":1,"385":1,"387":1,"389":1,"390":1,"393":1,"394":1,"399":1,"401":1}},"/home/travis/build/npmtest/node-npmtest-schemapack/node_modules/schemapack/tonic.js":{"path":"/home/travis/build/npmtest/node-npmtest-schemapack/node_modules/schemapack/tonic.js","s":{"1":1,"2":1,"3":1,"4":1,"5":1,"6":1,"7":1},"b":{},"f":{},"fnMap":{},"statementMap":{"1":{"start":{"line":1,"column":0},"end":{"line":1,"column":33}},"2":{"start":{"line":4,"column":0},"end":{"line":9,"column":3}},"3":{"start":{"line":12,"column":0},"end":{"line":17,"column":2}},"4":{"start":{"line":20,"column":0},"end":{"line":20,"column":43}},"5":{"start":{"line":21,"column":0},"end":{"line":21,"column":20}},"6":{"start":{"line":23,"column":0},"end":{"line":23,"column":44}},"7":{"start":{"line":24,"column":0},"end":{"line":24,"column":21}}},"branchMap":{},"code":["const sp = require('schemapack');","","// Define the schema","const playerSchema = sp.build({","  health: 'varuint',","  jumping: 'boolean',","  position: [ 'int16' ],","  attributes: { str: 'uint8', agi: 'uint8', int: 'uint8' },","});","","// An object to serialize","const player = {","  health: 4000,","  jumping: false,","  position: [ -540, 343, 1201 ],","  attributes: { str: 87, agi: 42, int: 22 },","};","","// Encode","const buffer = playerSchema.encode(player);","console.log(buffer);","// Decode","const decoded = playerSchema.decode(buffer);","console.log(decoded);",""],"l":{"1":1,"4":1,"12":1,"20":1,"21":1,"23":1,"24":1}}}